::1 - - [07/Dec/2019:20:04:33 +0700] "GET /M2_SS4_PHP_Monk-eye/Long/HumanResourceManagement/index.php HTTP/1.1" 200 506 "-" "Mozilla/5.0 (X11; Linux x86_64) AppleWebKit/537.36 (KHTML, like Gecko) Chrome/78.0.3904.108 Safari/537.36"
::1 - - [07/Dec/2019:20:04:33 +0700] "GET /favicon.ico HTTP/1.1" 404 487 "http://localhost/M2_SS4_PHP_Monk-eye/Long/HumanResourceManagement/index.php" "Mozilla/5.0 (X11; Linux x86_64) AppleWebKit/537.36 (KHTML, like Gecko) Chrome/78.0.3904.108 Safari/537.36"
::1 - - [07/Dec/2019:20:04:49 +0700] "GET /M2_SS4_PHP_Monk-eye/Long/HumanResourceManagement/index.php HTTP/1.1" 200 506 "-" "Mozilla/5.0 (X11; Linux x86_64) AppleWebKit/537.36 (KHTML, like Gecko) Chrome/78.0.3904.108 Safari/537.36"
::1 - - [07/Dec/2019:20:05:41 +0700] "-" 408 0 "-" "-"
::1 - - [07/Dec/2019:20:08:47 +0700] "GET /M2_SS4_PHP_Monk-eye/Long/HumanResourceManagement/index.php HTTP/1.1" 200 449 "-" "Mozilla/5.0 (X11; Linux x86_64) AppleWebKit/537.36 (KHTML, like Gecko) Chrome/78.0.3904.108 Safari/537.36"
::1 - - [07/Dec/2019:20:09:39 +0700] "-" 408 0 "-" "-"
::1 - - [07/Dec/2019:20:16:14 +0700] "GET /M2_SS4_PHP_Monk-eye/Long/HumanResourceManagement/index.php HTTP/1.1" 200 203 "-" "Mozilla/5.0 (X11; Linux x86_64) AppleWebKit/537.36 (KHTML, like Gecko) Chrome/78.0.3904.108 Safari/537.36"
::1 - - [07/Dec/2019:20:17:05 +0700] "-" 408 0 "-" "-"
::1 - - [07/Dec/2019:20:17:25 +0700] "GET /M2_SS4_PHP_Monk-eye/Long/HumanResourceManagement/index.php HTTP/1.1" 200 203 "-" "Mozilla/5.0 (X11; Linux x86_64) AppleWebKit/537.36 (KHTML, like Gecko) Chrome/78.0.3904.108 Safari/537.36"
::1 - - [07/Dec/2019:20:18:17 +0700] "-" 408 0 "-" "-"
::1 - - [07/Dec/2019:20:43:06 +0700] "GET / HTTP/1.1" 200 3477 "-" "Mozilla/5.0 (X11; Linux x86_64) AppleWebKit/537.36 (KHTML, like Gecko) Chrome/78.0.3904.108 Safari/537.36"
::1 - - [07/Dec/2019:20:43:16 +0700] "GET /test/test.php HTTP/1.1" 200 260 "-" "Mozilla/5.0 (X11; Linux x86_64) AppleWebKit/537.36 (KHTML, like Gecko) Chrome/78.0.3904.108 Safari/537.36"
::1 - - [07/Dec/2019:20:43:57 +0700] "GET /test/test.php HTTP/1.1" 200 216 "-" "Mozilla/5.0 (X11; Linux x86_64) AppleWebKit/537.36 (KHTML, like Gecko) Chrome/78.0.3904.108 Safari/537.36"
::1 - - [07/Dec/2019:20:44:49 +0700] "-" 408 0 "-" "-"
::1 - - [07/Dec/2019:20:45:28 +0700] "GET /M2_SS4_PHP_Monk-eye/Long/HumanResourceManagement/index.php HTTP/1.1" 200 203 "-" "Mozilla/5.0 (X11; Linux x86_64) AppleWebKit/537.36 (KHTML, like Gecko) Chrome/78.0.3904.108 Safari/537.36"
::1 - - [07/Dec/2019:20:46:10 +0700] "GET /M2_SS4_PHP_Monk-eye/Long/HumanResourceManagement/index.php HTTP/1.1" 200 449 "-" "Mozilla/5.0 (X11; Linux x86_64) AppleWebKit/537.36 (KHTML, like Gecko) Chrome/78.0.3904.108 Safari/537.36"
::1 - - [07/Dec/2019:20:47:02 +0700] "-" 408 0 "-" "-"
::1 - - [07/Dec/2019:20:47:12 +0700] "GET /M2_SS4_PHP_Monk-eye/Long/HumanResourceManagement/index.php HTTP/1.1" 200 216 "-" "Mozilla/5.0 (X11; Linux x86_64) AppleWebKit/537.36 (KHTML, like Gecko) Chrome/78.0.3904.108 Safari/537.36"
::1 - - [07/Dec/2019:20:48:03 +0700] "-" 408 0 "-" "-"
::1 - - [07/Dec/2019:20:49:21 +0700] "GET /M2_SS4_PHP_Monk-eye/Long/HumanResourceManagement/index.php HTTP/1.1" 200 256 "-" "Mozilla/5.0 (X11; Linux x86_64) AppleWebKit/537.36 (KHTML, like Gecko) Chrome/78.0.3904.108 Safari/537.36"
::1 - - [07/Dec/2019:20:50:10 +0700] "-" 408 0 "-" "-"
::1 - - [07/Dec/2019:20:50:17 +0700] "GET /M2_SS4_PHP_Monk-eye/Long/HumanResourceManagement/index.php HTTP/1.1" 200 468 "-" "Mozilla/5.0 (X11; Linux x86_64) AppleWebKit/537.36 (KHTML, like Gecko) Chrome/78.0.3904.108 Safari/537.36"
::1 - - [07/Dec/2019:20:50:26 +0700] "GET /M2_SS4_PHP_Monk-eye/Long/HumanResourceManagement/index.php HTTP/1.1" 200 449 "-" "Mozilla/5.0 (X11; Linux x86_64) AppleWebKit/537.36 (KHTML, like Gecko) Chrome/78.0.3904.108 Safari/537.36"
::1 - - [07/Dec/2019:20:50:50 +0700] "GET /M2_SS4_PHP_Monk-eye/Long/HumanResourceManagement/index.php HTTP/1.1" 200 468 "-" "Mozilla/5.0 (X11; Linux x86_64) AppleWebKit/537.36 (KHTML, like Gecko) Chrome/78.0.3904.108 Safari/537.36"
::1 - - [07/Dec/2019:20:50:55 +0700] "GET /M2_SS4_PHP_Monk-eye/Long/HumanResourceManagement/index.php HTTP/1.1" 200 255 "-" "Mozilla/5.0 (X11; Linux x86_64) AppleWebKit/537.36 (KHTML, like Gecko) Chrome/78.0.3904.108 Safari/537.36"
::1 - - [07/Dec/2019:21:00:43 +0700] "GET /M2_SS4_PHP_Monk-eye/Long/HumanResourceManagement/index.php HTTP/1.1" 200 1157 "-" "Mozilla/5.0 (X11; Linux x86_64) AppleWebKit/537.36 (KHTML, like Gecko) Chrome/78.0.3904.108 Safari/537.36"
::1 - - [07/Dec/2019:21:01:34 +0700] "-" 408 0 "-" "-"
::1 - - [07/Dec/2019:21:02:09 +0700] "GET /M2_SS4_PHP_Monk-eye/Long/HumanResourceManagement/index.php HTTP/1.1" 200 1236 "-" "Mozilla/5.0 (X11; Linux x86_64) AppleWebKit/537.36 (KHTML, like Gecko) Chrome/78.0.3904.108 Safari/537.36"
::1 - - [07/Dec/2019:21:02:49 +0700] "GET /M2_SS4_PHP_Monk-eye/Long/HumanResourceManagement/index.php HTTP/1.1" 200 1253 "-" "Mozilla/5.0 (X11; Linux x86_64) AppleWebKit/537.36 (KHTML, like Gecko) Chrome/78.0.3904.108 Safari/537.36"
::1 - - [07/Dec/2019:21:03:16 +0700] "GET /M2_SS4_PHP_Monk-eye/Long/HumanResourceManagement/index.php HTTP/1.1" 200 1260 "-" "Mozilla/5.0 (X11; Linux x86_64) AppleWebKit/537.36 (KHTML, like Gecko) Chrome/78.0.3904.108 Safari/537.36"
::1 - - [07/Dec/2019:21:03:55 +0700] "GET /M2_SS4_PHP_Monk-eye/Long/HumanResourceManagement/index.php HTTP/1.1" 200 1201 "-" "Mozilla/5.0 (X11; Linux x86_64) AppleWebKit/537.36 (KHTML, like Gecko) Chrome/78.0.3904.108 Safari/537.36"
::1 - - [07/Dec/2019:21:04:30 +0700] "GET /M2_SS4_PHP_Monk-eye/Long/HumanResourceManagement/index.php HTTP/1.1" 200 1201 "-" "Mozilla/5.0 (X11; Linux x86_64) AppleWebKit/537.36 (KHTML, like Gecko) Chrome/78.0.3904.108 Safari/537.36"
::1 - - [07/Dec/2019:21:05:03 +0700] "GET /M2_SS4_PHP_Monk-eye/Long/HumanResourceManagement/index.php HTTP/1.1" 200 1190 "-" "Mozilla/5.0 (X11; Linux x86_64) AppleWebKit/537.36 (KHTML, like Gecko) Chrome/78.0.3904.108 Safari/537.36"
::1 - - [07/Dec/2019:21:05:30 +0700] "GET /M2_SS4_PHP_Monk-eye/Long/HumanResourceManagement/index.php HTTP/1.1" 200 1195 "-" "Mozilla/5.0 (X11; Linux x86_64) AppleWebKit/537.36 (KHTML, like Gecko) Chrome/78.0.3904.108 Safari/537.36"
::1 - - [07/Dec/2019:21:06:15 +0700] "GET /M2_SS4_PHP_Monk-eye/Long/HumanResourceManagement/index.php HTTP/1.1" 200 1116 "-" "Mozilla/5.0 (X11; Linux x86_64) AppleWebKit/537.36 (KHTML, like Gecko) Chrome/78.0.3904.108 Safari/537.36"
::1 - - [07/Dec/2019:21:07:07 +0700] "-" 408 0 "-" "-"
::1 - - [07/Dec/2019:21:07:34 +0700] "GET /M2_SS4_PHP_Monk-eye/Long/HumanResourceManagement/index.php HTTP/1.1" 200 1133 "-" "Mozilla/5.0 (X11; Linux x86_64) AppleWebKit/537.36 (KHTML, like Gecko) Chrome/78.0.3904.108 Safari/537.36"
::1 - - [07/Dec/2019:21:08:16 +0700] "GET /M2_SS4_PHP_Monk-eye/Long/HumanResourceManagement/index.php HTTP/1.1" 200 1147 "-" "Mozilla/5.0 (X11; Linux x86_64) AppleWebKit/537.36 (KHTML, like Gecko) Chrome/78.0.3904.108 Safari/537.36"
::1 - - [07/Dec/2019:21:13:34 +0700] "GET /M2_SS4_PHP_Monk-eye/Long/HumanResourceManagement/index.php HTTP/1.1" 200 1147 "-" "Mozilla/5.0 (X11; Linux x86_64) AppleWebKit/537.36 (KHTML, like Gecko) Chrome/78.0.3904.108 Safari/537.36"
::1 - - [07/Dec/2019:21:13:34 +0700] "GET /M2_SS4_PHP_Monk-eye/Long/HumanResourceManagement/index.php HTTP/1.1" 200 1146 "-" "Mozilla/5.0 (X11; Linux x86_64) AppleWebKit/537.36 (KHTML, like Gecko) Chrome/78.0.3904.108 Safari/537.36"
::1 - - [07/Dec/2019:21:13:34 +0700] "GET /M2_SS4_PHP_Monk-eye/Long/HumanResourceManagement/index.php HTTP/1.1" 200 1146 "-" "Mozilla/5.0 (X11; Linux x86_64) AppleWebKit/537.36 (KHTML, like Gecko) Chrome/78.0.3904.108 Safari/537.36"
::1 - - [07/Dec/2019:21:13:35 +0700] "GET /M2_SS4_PHP_Monk-eye/Long/HumanResourceManagement/index.php HTTP/1.1" 200 1146 "-" "Mozilla/5.0 (X11; Linux x86_64) AppleWebKit/537.36 (KHTML, like Gecko) Chrome/78.0.3904.108 Safari/537.36"
::1 - - [07/Dec/2019:21:14:22 +0700] "GET /M2_SS4_PHP_Monk-eye/Long/HumanResourceManagement/index.php HTTP/1.1" 200 1147 "-" "Mozilla/5.0 (X11; Linux x86_64) AppleWebKit/537.36 (KHTML, like Gecko) Chrome/78.0.3904.108 Safari/537.36"
::1 - - [07/Dec/2019:21:20:53 +0700] "GET /M2_SS4_PHP_Monk-eye/Long/HumanResourceManagement/index.php HTTP/1.1" 200 1146 "-" "Mozilla/5.0 (X11; Linux x86_64) AppleWebKit/537.36 (KHTML, like Gecko) Chrome/78.0.3904.108 Safari/537.36"
::1 - - [07/Dec/2019:21:22:24 +0700] "GET /M2_SS4_PHP_Monk-eye/Long/HumanResourceManagement/index.php HTTP/1.1" 200 1147 "-" "Mozilla/5.0 (X11; Linux x86_64) AppleWebKit/537.36 (KHTML, like Gecko) Chrome/78.0.3904.108 Safari/537.36"
::1 - - [07/Dec/2019:21:23:15 +0700] "-" 408 0 "-" "-"
::1 - - [07/Dec/2019:21:25:24 +0700] "GET /M2_SS4_PHP_Monk-eye/Long/HumanResourceManagement/index.php HTTP/1.1" 200 1147 "-" "Mozilla/5.0 (X11; Linux x86_64) AppleWebKit/537.36 (KHTML, like Gecko) Chrome/78.0.3904.108 Safari/537.36"
::1 - - [07/Dec/2019:21:25:26 +0700] "GET /M2_SS4_PHP_Monk-eye/Long/HumanResourceManagement/index.php HTTP/1.1" 200 1146 "-" "Mozilla/5.0 (X11; Linux x86_64) AppleWebKit/537.36 (KHTML, like Gecko) Chrome/78.0.3904.108 Safari/537.36"
::1 - - [07/Dec/2019:21:26:41 +0700] "GET /M2_SS4_PHP_Monk-eye/Long/HumanResourceManagement/index.php HTTP/1.1" 200 1171 "-" "Mozilla/5.0 (X11; Linux x86_64) AppleWebKit/537.36 (KHTML, like Gecko) Chrome/78.0.3904.108 Safari/537.36"
::1 - - [07/Dec/2019:21:27:33 +0700] "-" 408 0 "-" "-"
::1 - - [07/Dec/2019:21:27:53 +0700] "GET /M2_SS4_PHP_Monk-eye/Long/HumanResourceManagement/index.php HTTP/1.1" 200 1194 "-" "Mozilla/5.0 (X11; Linux x86_64) AppleWebKit/537.36 (KHTML, like Gecko) Chrome/78.0.3904.108 Safari/537.36"
::1 - - [07/Dec/2019:21:28:32 +0700] "GET /M2_SS4_PHP_Monk-eye/Long/HumanResourceManagement/index.php HTTP/1.1" 200 1077 "-" "Mozilla/5.0 (X11; Linux x86_64) AppleWebKit/537.36 (KHTML, like Gecko) Chrome/78.0.3904.108 Safari/537.36"
::1 - - [07/Dec/2019:21:29:19 +0700] "GET /M2_SS4_PHP_Monk-eye/Long/HumanResourceManagement/src/Add.php HTTP/1.1" 302 2488 "-" "Mozilla/5.0 (X11; Linux x86_64) AppleWebKit/537.36 (KHTML, like Gecko) Chrome/78.0.3904.108 Safari/537.36"
::1 - - [07/Dec/2019:21:29:19 +0700] "GET /M2_SS4_PHP_Monk-eye/Long/HumanResourceManagement/index.php HTTP/1.1" 200 1076 "-" "Mozilla/5.0 (X11; Linux x86_64) AppleWebKit/537.36 (KHTML, like Gecko) Chrome/78.0.3904.108 Safari/537.36"
::1 - - [07/Dec/2019:21:29:24 +0700] "GET /M2_SS4_PHP_Monk-eye/Long/HumanResourceManagement/index.php HTTP/1.1" 200 1077 "-" "Mozilla/5.0 (X11; Linux x86_64) AppleWebKit/537.36 (KHTML, like Gecko) Chrome/78.0.3904.108 Safari/537.36"
::1 - - [07/Dec/2019:21:29:59 +0700] "GET /M2_SS4_PHP_Monk-eye/Long/HumanResourceManagement/src/Add.php HTTP/1.1" 302 2488 "-" "Mozilla/5.0 (X11; Linux x86_64) AppleWebKit/537.36 (KHTML, like Gecko) Chrome/78.0.3904.108 Safari/537.36"
::1 - - [07/Dec/2019:21:29:59 +0700] "GET /M2_SS4_PHP_Monk-eye/Long/HumanResourceManagement/index.php HTTP/1.1" 200 1076 "-" "Mozilla/5.0 (X11; Linux x86_64) AppleWebKit/537.36 (KHTML, like Gecko) Chrome/78.0.3904.108 Safari/537.36"
::1 - - [07/Dec/2019:21:30:25 +0700] "GET /M2_SS4_PHP_Monk-eye/Long/HumanResourceManagement/index.php HTTP/1.1" 200 1077 "-" "Mozilla/5.0 (X11; Linux x86_64) AppleWebKit/537.36 (KHTML, like Gecko) Chrome/78.0.3904.108 Safari/537.36"
::1 - - [07/Dec/2019:21:30:34 +0700] "GET /M2_SS4_PHP_Monk-eye/Long/HumanResourceManagement/src/Add.php HTTP/1.1" 200 1146 "-" "Mozilla/5.0 (X11; Linux x86_64) AppleWebKit/537.36 (KHTML, like Gecko) Chrome/78.0.3904.108 Safari/537.36"
::1 - - [07/Dec/2019:21:31:26 +0700] "-" 408 0 "-" "-"
::1 - - [07/Dec/2019:22:20:49 +0700] "GET /M2_SS4_PHP_Monk-eye/Long/HumanResourceManagement/src/Add.php HTTP/1.1" 200 1165 "-" "Mozilla/5.0 (X11; Linux x86_64) AppleWebKit/537.36 (KHTML, like Gecko) Chrome/78.0.3904.108 Safari/537.36"
::1 - - [07/Dec/2019:22:20:51 +0700] "GET /M2_SS4_PHP_Monk-eye/Long/HumanResourceManagement/index.php HTTP/1.1" 200 1078 "-" "Mozilla/5.0 (X11; Linux x86_64) AppleWebKit/537.36 (KHTML, like Gecko) Chrome/78.0.3904.108 Safari/537.36"
::1 - - [07/Dec/2019:22:20:51 +0700] "GET /M2_SS4_PHP_Monk-eye/Long/HumanResourceManagement/index.php HTTP/1.1" 200 1078 "-" "Mozilla/5.0 (X11; Linux x86_64) AppleWebKit/537.36 (KHTML, like Gecko) Chrome/78.0.3904.108 Safari/537.36"
::1 - - [07/Dec/2019:22:21:11 +0700] "POST /M2_SS4_PHP_Monk-eye/Long/HumanResourceManagement/src/Add.php HTTP/1.1" 500 185 "http://localhost/M2_SS4_PHP_Monk-eye/Long/HumanResourceManagement/src/Add.php" "Mozilla/5.0 (X11; Linux x86_64) AppleWebKit/537.36 (KHTML, like Gecko) Chrome/78.0.3904.108 Safari/537.36"
::1 - - [07/Dec/2019:22:21:16 +0700] "POST /M2_SS4_PHP_Monk-eye/Long/HumanResourceManagement/src/Add.php HTTP/1.1" 500 185 "http://localhost/M2_SS4_PHP_Monk-eye/Long/HumanResourceManagement/src/Add.php" "Mozilla/5.0 (X11; Linux x86_64) AppleWebKit/537.36 (KHTML, like Gecko) Chrome/78.0.3904.108 Safari/537.36"
::1 - - [07/Dec/2019:22:21:18 +0700] "POST /M2_SS4_PHP_Monk-eye/Long/HumanResourceManagement/src/Add.php HTTP/1.1" 500 185 "http://localhost/M2_SS4_PHP_Monk-eye/Long/HumanResourceManagement/src/Add.php" "Mozilla/5.0 (X11; Linux x86_64) AppleWebKit/537.36 (KHTML, like Gecko) Chrome/78.0.3904.108 Safari/537.36"
::1 - - [07/Dec/2019:22:24:22 +0700] "POST /M2_SS4_PHP_Monk-eye/Long/HumanResourceManagement/src/Add.php HTTP/1.1" 500 185 "http://localhost/M2_SS4_PHP_Monk-eye/Long/HumanResourceManagement/src/Add.php" "Mozilla/5.0 (X11; Linux x86_64) AppleWebKit/537.36 (KHTML, like Gecko) Chrome/78.0.3904.108 Safari/537.36"
::1 - - [07/Dec/2019:22:25:14 +0700] "-" 408 0 "-" "-"
::1 - - [07/Dec/2019:22:25:14 +0700] "-" 408 0 "-" "-"
::1 - - [07/Dec/2019:22:28:50 +0700] "GET /M2_SS4_PHP_Monk-eye/Dieu-SS4/Employee_Manager/index.php HTTP/1.1" 200 1929 "-" "Mozilla/5.0 (X11; Linux x86_64) AppleWebKit/537.36 (KHTML, like Gecko) Chrome/78.0.3904.108 Safari/537.36"
::1 - - [07/Dec/2019:22:29:42 +0700] "-" 408 0 "-" "-"
::1 - - [07/Dec/2019:22:29:57 +0700] "GET /M2_SS4_PHP_Monk-eye/Dieu-SS4/Employee_Manager/src/Add.php HTTP/1.1" 200 1639 "http://localhost/M2_SS4_PHP_Monk-eye/Dieu-SS4/Employee_Manager/index.php" "Mozilla/5.0 (X11; Linux x86_64) AppleWebKit/537.36 (KHTML, like Gecko) Chrome/78.0.3904.108 Safari/537.36"
::1 - - [07/Dec/2019:22:30:15 +0700] "POST /M2_SS4_PHP_Monk-eye/Dieu-SS4/Employee_Manager/src/Add.php HTTP/1.1" 302 4607 "http://localhost/M2_SS4_PHP_Monk-eye/Dieu-SS4/Employee_Manager/src/Add.php" "Mozilla/5.0 (X11; Linux x86_64) AppleWebKit/537.36 (KHTML, like Gecko) Chrome/78.0.3904.108 Safari/537.36"
::1 - - [07/Dec/2019:22:30:15 +0700] "GET /M2_SS4_PHP_Monk-eye/Dieu-SS4/Employee_Manager/index.php HTTP/1.1" 200 1928 "http://localhost/M2_SS4_PHP_Monk-eye/Dieu-SS4/Employee_Manager/src/Add.php" "Mozilla/5.0 (X11; Linux x86_64) AppleWebKit/537.36 (KHTML, like Gecko) Chrome/78.0.3904.108 Safari/537.36"
::1 - - [07/Dec/2019:22:30:22 +0700] "GET /M2_SS4_PHP_Monk-eye/Dieu-SS4/Employee_Manager/src/Add.php HTTP/1.1" 200 1639 "http://localhost/M2_SS4_PHP_Monk-eye/Dieu-SS4/Employee_Manager/index.php" "Mozilla/5.0 (X11; Linux x86_64) AppleWebKit/537.36 (KHTML, like Gecko) Chrome/78.0.3904.108 Safari/537.36"
::1 - - [07/Dec/2019:22:30:30 +0700] "POST /M2_SS4_PHP_Monk-eye/Dieu-SS4/Employee_Manager/src/Add.php HTTP/1.1" 302 4607 "http://localhost/M2_SS4_PHP_Monk-eye/Dieu-SS4/Employee_Manager/src/Add.php" "Mozilla/5.0 (X11; Linux x86_64) AppleWebKit/537.36 (KHTML, like Gecko) Chrome/78.0.3904.108 Safari/537.36"
::1 - - [07/Dec/2019:22:30:30 +0700] "GET /M2_SS4_PHP_Monk-eye/Dieu-SS4/Employee_Manager/index.php HTTP/1.1" 200 1928 "http://localhost/M2_SS4_PHP_Monk-eye/Dieu-SS4/Employee_Manager/src/Add.php" "Mozilla/5.0 (X11; Linux x86_64) AppleWebKit/537.36 (KHTML, like Gecko) Chrome/78.0.3904.108 Safari/537.36"
::1 - - [07/Dec/2019:22:30:36 +0700] "GET /M2_SS4_PHP_Monk-eye/Dieu-SS4/Employee_Manager/src/Delete.php?index=0 HTTP/1.1" 302 230 "http://localhost/M2_SS4_PHP_Monk-eye/Dieu-SS4/Employee_Manager/index.php" "Mozilla/5.0 (X11; Linux x86_64) AppleWebKit/537.36 (KHTML, like Gecko) Chrome/78.0.3904.108 Safari/537.36"
::1 - - [07/Dec/2019:22:30:36 +0700] "GET /M2_SS4_PHP_Monk-eye/Dieu-SS4/Employee_Manager/index.php HTTP/1.1" 200 1928 "http://localhost/M2_SS4_PHP_Monk-eye/Dieu-SS4/Employee_Manager/index.php" "Mozilla/5.0 (X11; Linux x86_64) AppleWebKit/537.36 (KHTML, like Gecko) Chrome/78.0.3904.108 Safari/537.36"
::1 - - [07/Dec/2019:22:33:44 +0700] "GET /M2_SS4_PHP_Monk-eye/Dieu-SS4/Employee_Manager/src/Delete.php?index=0 HTTP/1.1" 302 230 "http://localhost/M2_SS4_PHP_Monk-eye/Dieu-SS4/Employee_Manager/index.php" "Mozilla/5.0 (X11; Linux x86_64) AppleWebKit/537.36 (KHTML, like Gecko) Chrome/78.0.3904.108 Safari/537.36"
::1 - - [07/Dec/2019:22:33:44 +0700] "GET /M2_SS4_PHP_Monk-eye/Dieu-SS4/Employee_Manager/index.php HTTP/1.1" 200 1928 "http://localhost/M2_SS4_PHP_Monk-eye/Dieu-SS4/Employee_Manager/index.php" "Mozilla/5.0 (X11; Linux x86_64) AppleWebKit/537.36 (KHTML, like Gecko) Chrome/78.0.3904.108 Safari/537.36"
::1 - - [07/Dec/2019:22:38:00 +0700] "GET /BasicTestJSon/C1019I1-demo-oop/src/index.php HTTP/1.1" 404 488 "-" "Mozilla/5.0 (X11; Linux x86_64) AppleWebKit/537.36 (KHTML, like Gecko) Chrome/78.0.3904.108 Safari/537.36"
::1 - - [07/Dec/2019:22:38:01 +0700] "GET /BasicTestJSon/C1019I1-demo-oop/src/index.php HTTP/1.1" 404 487 "-" "Mozilla/5.0 (X11; Linux x86_64) AppleWebKit/537.36 (KHTML, like Gecko) Chrome/78.0.3904.108 Safari/537.36"
::1 - - [07/Dec/2019:22:38:02 +0700] "GET /BasicTestJSon/C1019I1-demo-oop/src/index.php HTTP/1.1" 404 487 "-" "Mozilla/5.0 (X11; Linux x86_64) AppleWebKit/537.36 (KHTML, like Gecko) Chrome/78.0.3904.108 Safari/537.36"
::1 - - [07/Dec/2019:22:38:02 +0700] "GET /BasicTestJSon/C1019I1-demo-oop/src/index.php HTTP/1.1" 404 487 "-" "Mozilla/5.0 (X11; Linux x86_64) AppleWebKit/537.36 (KHTML, like Gecko) Chrome/78.0.3904.108 Safari/537.36"
::1 - - [07/Dec/2019:22:38:02 +0700] "GET /BasicTestJSon/C1019I1-demo-oop/src/index.php HTTP/1.1" 404 487 "-" "Mozilla/5.0 (X11; Linux x86_64) AppleWebKit/537.36 (KHTML, like Gecko) Chrome/78.0.3904.108 Safari/537.36"
::1 - - [07/Dec/2019:22:38:02 +0700] "GET /BasicTestJSon/C1019I1-demo-oop/src/index.php HTTP/1.1" 404 487 "-" "Mozilla/5.0 (X11; Linux x86_64) AppleWebKit/537.36 (KHTML, like Gecko) Chrome/78.0.3904.108 Safari/537.36"
::1 - - [07/Dec/2019:22:38:03 +0700] "GET /BasicTestJSon/C1019I1-demo-oop/src/index.php HTTP/1.1" 404 487 "-" "Mozilla/5.0 (X11; Linux x86_64) AppleWebKit/537.36 (KHTML, like Gecko) Chrome/78.0.3904.108 Safari/537.36"
::1 - - [07/Dec/2019:22:39:02 +0700] "GET /BasicTestJSon/C1019I1-demo-oop/src/index.php HTTP/1.1" 404 488 "-" "Mozilla/5.0 (X11; Linux x86_64) AppleWebKit/537.36 (KHTML, like Gecko) Chrome/78.0.3904.108 Safari/537.36"
::1 - - [07/Dec/2019:22:39:02 +0700] "GET /BasicTestJSon/C1019I1-demo-oop/src/index.php HTTP/1.1" 404 487 "-" "Mozilla/5.0 (X11; Linux x86_64) AppleWebKit/537.36 (KHTML, like Gecko) Chrome/78.0.3904.108 Safari/537.36"
::1 - - [07/Dec/2019:22:39:02 +0700] "GET /BasicTestJSon/C1019I1-demo-oop/src/index.php HTTP/1.1" 404 487 "-" "Mozilla/5.0 (X11; Linux x86_64) AppleWebKit/537.36 (KHTML, like Gecko) Chrome/78.0.3904.108 Safari/537.36"
::1 - - [07/Dec/2019:22:39:03 +0700] "GET /BasicTestJSon/C1019I1-demo-oop/src/index.php HTTP/1.1" 404 487 "-" "Mozilla/5.0 (X11; Linux x86_64) AppleWebKit/537.36 (KHTML, like Gecko) Chrome/78.0.3904.108 Safari/537.36"
::1 - - [07/Dec/2019:22:43:17 +0700] "GET /M2_SS4_PHP_Monk-eye/Long/HumanResourceManagement/index.php HTTP/1.1" 500 185 "-" "Mozilla/5.0 (X11; Linux x86_64) AppleWebKit/537.36 (KHTML, like Gecko) Chrome/78.0.3904.108 Safari/537.36"
::1 - - [07/Dec/2019:22:43:18 +0700] "GET /M2_SS4_PHP_Monk-eye/Long/HumanResourceManagement/index.php HTTP/1.1" 500 185 "-" "Mozilla/5.0 (X11; Linux x86_64) AppleWebKit/537.36 (KHTML, like Gecko) Chrome/78.0.3904.108 Safari/537.36"
::1 - - [07/Dec/2019:22:43:19 +0700] "GET /M2_SS4_PHP_Monk-eye/Long/HumanResourceManagement/index.php HTTP/1.1" 500 185 "-" "Mozilla/5.0 (X11; Linux x86_64) AppleWebKit/537.36 (KHTML, like Gecko) Chrome/78.0.3904.108 Safari/537.36"
::1 - - [07/Dec/2019:22:46:01 +0700] "GET /M2_SS4_PHP_Monk-eye/Dieu-SS4/Employee_Manager/src/index.php HTTP/1.1" 404 488 "-" "Mozilla/5.0 (X11; Linux x86_64) AppleWebKit/537.36 (KHTML, like Gecko) Chrome/78.0.3904.108 Safari/537.36"
::1 - - [07/Dec/2019:22:46:02 +0700] "GET /M2_SS4_PHP_Monk-eye/Dieu-SS4/Employee_Manager/src/index.php HTTP/1.1" 404 487 "-" "Mozilla/5.0 (X11; Linux x86_64) AppleWebKit/537.36 (KHTML, like Gecko) Chrome/78.0.3904.108 Safari/537.36"
::1 - - [07/Dec/2019:22:46:02 +0700] "GET /M2_SS4_PHP_Monk-eye/Dieu-SS4/Employee_Manager/src/index.php HTTP/1.1" 404 487 "-" "Mozilla/5.0 (X11; Linux x86_64) AppleWebKit/537.36 (KHTML, like Gecko) Chrome/78.0.3904.108 Safari/537.36"
::1 - - [07/Dec/2019:22:46:02 +0700] "GET /M2_SS4_PHP_Monk-eye/Dieu-SS4/Employee_Manager/src/index.php HTTP/1.1" 404 487 "-" "Mozilla/5.0 (X11; Linux x86_64) AppleWebKit/537.36 (KHTML, like Gecko) Chrome/78.0.3904.108 Safari/537.36"
::1 - - [07/Dec/2019:22:46:03 +0700] "GET /M2_SS4_PHP_Monk-eye/Dieu-SS4/Employee_Manager/src/index.php HTTP/1.1" 404 487 "-" "Mozilla/5.0 (X11; Linux x86_64) AppleWebKit/537.36 (KHTML, like Gecko) Chrome/78.0.3904.108 Safari/537.36"
::1 - - [07/Dec/2019:22:46:03 +0700] "GET /M2_SS4_PHP_Monk-eye/Dieu-SS4/Employee_Manager/src/index.php HTTP/1.1" 404 487 "-" "Mozilla/5.0 (X11; Linux x86_64) AppleWebKit/537.36 (KHTML, like Gecko) Chrome/78.0.3904.108 Safari/537.36"
::1 - - [07/Dec/2019:22:49:21 +0700] "GET /BasicTestJSon/C1019I1-demo-oop/src/index.php HTTP/1.1" 404 488 "-" "Mozilla/5.0 (X11; Linux x86_64) AppleWebKit/537.36 (KHTML, like Gecko) Chrome/78.0.3904.108 Safari/537.36"
::1 - - [07/Dec/2019:22:49:28 +0700] "GET /BasicTestJSon/C1019I1-demo-oop/src/index.php HTTP/1.1" 404 488 "-" "Mozilla/5.0 (X11; Linux x86_64) AppleWebKit/537.36 (KHTML, like Gecko) Chrome/78.0.3904.108 Safari/537.36"
::1 - - [07/Dec/2019:22:51:23 +0700] "GET /M2_SS4_PHP_Monk-eye/Long/CountObjectsOfClass/index.php HTTP/1.1" 200 338 "-" "Mozilla/5.0 (X11; Linux x86_64) AppleWebKit/537.36 (KHTML, like Gecko) Chrome/78.0.3904.108 Safari/537.36"
::1 - - [07/Dec/2019:22:52:15 +0700] "-" 408 0 "-" "-"
::1 - - [07/Dec/2019:23:03:34 +0700] "GET /M2_SS4_PHP_Monk-eye/Long/HumanResourceManagement/src/Add.php HTTP/1.1" 200 1165 "-" "Mozilla/5.0 (X11; Linux x86_64) AppleWebKit/537.36 (KHTML, like Gecko) Chrome/78.0.3904.108 Safari/537.36"
::1 - - [07/Dec/2019:23:03:39 +0700] "POST /M2_SS4_PHP_Monk-eye/Long/HumanResourceManagement/src/Add.php HTTP/1.1" 500 185 "http://localhost/M2_SS4_PHP_Monk-eye/Long/HumanResourceManagement/src/Add.php" "Mozilla/5.0 (X11; Linux x86_64) AppleWebKit/537.36 (KHTML, like Gecko) Chrome/78.0.3904.108 Safari/537.36"
::1 - - [07/Dec/2019:23:04:25 +0700] "-" 408 0 "-" "-"
::1 - - [07/Dec/2019:23:04:30 +0700] "-" 408 0 "-" "-"
::1 - - [07/Dec/2019:23:04:35 +0700] "GET /M2_SS4_PHP_Monk-eye/Long/HumanResourceManagement/index.php HTTP/1.1" 500 1471 "-" "Mozilla/5.0 (X11; Linux x86_64) AppleWebKit/537.36 (KHTML, like Gecko) Chrome/78.0.3904.108 Safari/537.36"
::1 - - [07/Dec/2019:23:05:05 +0700] "GET /M2_SS4_PHP_Monk-eye/Long/HumanResourceManagement/src/Add.php HTTP/1.1" 200 1165 "-" "Mozilla/5.0 (X11; Linux x86_64) AppleWebKit/537.36 (KHTML, like Gecko) Chrome/78.0.3904.108 Safari/537.36"
::1 - - [07/Dec/2019:23:05:10 +0700] "POST /M2_SS4_PHP_Monk-eye/Long/HumanResourceManagement/src/Add.php HTTP/1.1" 500 185 "http://localhost/M2_SS4_PHP_Monk-eye/Long/HumanResourceManagement/src/Add.php" "Mozilla/5.0 (X11; Linux x86_64) AppleWebKit/537.36 (KHTML, like Gecko) Chrome/78.0.3904.108 Safari/537.36"
::1 - - [07/Dec/2019:23:06:01 +0700] "POST /M2_SS4_PHP_Monk-eye/Long/HumanResourceManagement/src/Add.php HTTP/1.1" 500 185 "http://localhost/M2_SS4_PHP_Monk-eye/Long/HumanResourceManagement/src/Add.php" "Mozilla/5.0 (X11; Linux x86_64) AppleWebKit/537.36 (KHTML, like Gecko) Chrome/78.0.3904.108 Safari/537.36"
::1 - - [07/Dec/2019:23:06:07 +0700] "GET /M2_SS4_PHP_Monk-eye/Long/HumanResourceManagement/src HTTP/1.1" 301 660 "-" "Mozilla/5.0 (X11; Linux x86_64) AppleWebKit/537.36 (KHTML, like Gecko) Chrome/78.0.3904.108 Safari/537.36"
::1 - - [07/Dec/2019:23:06:07 +0700] "GET /M2_SS4_PHP_Monk-eye/Long/HumanResourceManagement/src/ HTTP/1.1" 200 792 "-" "Mozilla/5.0 (X11; Linux x86_64) AppleWebKit/537.36 (KHTML, like Gecko) Chrome/78.0.3904.108 Safari/537.36"
::1 - - [07/Dec/2019:23:06:07 +0700] "GET /icons/back.gif HTTP/1.1" 200 500 "http://localhost/M2_SS4_PHP_Monk-eye/Long/HumanResourceManagement/src/" "Mozilla/5.0 (X11; Linux x86_64) AppleWebKit/537.36 (KHTML, like Gecko) Chrome/78.0.3904.108 Safari/537.36"
::1 - - [07/Dec/2019:23:06:07 +0700] "GET /icons/blank.gif HTTP/1.1" 200 431 "http://localhost/M2_SS4_PHP_Monk-eye/Long/HumanResourceManagement/src/" "Mozilla/5.0 (X11; Linux x86_64) AppleWebKit/537.36 (KHTML, like Gecko) Chrome/78.0.3904.108 Safari/537.36"
::1 - - [07/Dec/2019:23:06:07 +0700] "GET /icons/unknown.gif HTTP/1.1" 200 529 "http://localhost/M2_SS4_PHP_Monk-eye/Long/HumanResourceManagement/src/" "Mozilla/5.0 (X11; Linux x86_64) AppleWebKit/537.36 (KHTML, like Gecko) Chrome/78.0.3904.108 Safari/537.36"
::1 - - [07/Dec/2019:23:06:09 +0700] "GET /M2_SS4_PHP_Monk-eye/Long/HumanResourceManagement/src/Add.php HTTP/1.1" 200 1164 "http://localhost/M2_SS4_PHP_Monk-eye/Long/HumanResourceManagement/src/" "Mozilla/5.0 (X11; Linux x86_64) AppleWebKit/537.36 (KHTML, like Gecko) Chrome/78.0.3904.108 Safari/537.36"
::1 - - [07/Dec/2019:23:06:35 +0700] "POST /M2_SS4_PHP_Monk-eye/Long/HumanResourceManagement/src/Add.php HTTP/1.1" 500 185 "http://localhost/M2_SS4_PHP_Monk-eye/Long/HumanResourceManagement/src/Add.php" "Mozilla/5.0 (X11; Linux x86_64) AppleWebKit/537.36 (KHTML, like Gecko) Chrome/78.0.3904.108 Safari/537.36"
::1 - - [07/Dec/2019:23:13:59 +0700] "GET /M2_SS4_PHP_Monk-eye/Long/HumanResourceManagement/src/Add.php HTTP/1.1" 200 1165 "-" "Mozilla/5.0 (X11; Linux x86_64) AppleWebKit/537.36 (KHTML, like Gecko) Chrome/78.0.3904.108 Safari/537.36"
::1 - - [07/Dec/2019:23:14:04 +0700] "POST /M2_SS4_PHP_Monk-eye/Long/HumanResourceManagement/src/Add.php HTTP/1.1" 500 533 "http://localhost/M2_SS4_PHP_Monk-eye/Long/HumanResourceManagement/src/Add.php" "Mozilla/5.0 (X11; Linux x86_64) AppleWebKit/537.36 (KHTML, like Gecko) Chrome/78.0.3904.108 Safari/537.36"
::1 - - [07/Dec/2019:23:14:46 +0700] "GET /M2_SS4_PHP_Monk-eye/Long/HumanResourceManagement/index.php HTTP/1.1" 500 1471 "-" "Mozilla/5.0 (X11; Linux x86_64) AppleWebKit/537.36 (KHTML, like Gecko) Chrome/78.0.3904.108 Safari/537.36"
::1 - - [07/Dec/2019:23:14:48 +0700] "GET /M2_SS4_PHP_Monk-eye/Long/HumanResourceManagement/index.php HTTP/1.1" 500 1471 "-" "Mozilla/5.0 (X11; Linux x86_64) AppleWebKit/537.36 (KHTML, like Gecko) Chrome/78.0.3904.108 Safari/537.36"
::1 - - [07/Dec/2019:23:15:39 +0700] "-" 408 0 "-" "-"
::1 - - [07/Dec/2019:23:16:15 +0700] "GET /M2_SS4_PHP_Monk-eye/Long/HumanResourceManagement/src/Add.php HTTP/1.1" 200 1165 "-" "Mozilla/5.0 (X11; Linux x86_64) AppleWebKit/537.36 (KHTML, like Gecko) Chrome/78.0.3904.108 Safari/537.36"
::1 - - [07/Dec/2019:23:16:19 +0700] "POST /M2_SS4_PHP_Monk-eye/Long/HumanResourceManagement/src/Add.php HTTP/1.1" 500 529 "http://localhost/M2_SS4_PHP_Monk-eye/Long/HumanResourceManagement/src/Add.php" "Mozilla/5.0 (X11; Linux x86_64) AppleWebKit/537.36 (KHTML, like Gecko) Chrome/78.0.3904.108 Safari/537.36"
::1 - - [07/Dec/2019:23:16:24 +0700] "POST /M2_SS4_PHP_Monk-eye/Long/HumanResourceManagement/src/Add.php HTTP/1.1" 500 529 "http://localhost/M2_SS4_PHP_Monk-eye/Long/HumanResourceManagement/src/Add.php" "Mozilla/5.0 (X11; Linux x86_64) AppleWebKit/537.36 (KHTML, like Gecko) Chrome/78.0.3904.108 Safari/537.36"
::1 - - [07/Dec/2019:23:16:31 +0700] "POST /M2_SS4_PHP_Monk-eye/Long/HumanResourceManagement/src/Add.php HTTP/1.1" 500 533 "http://localhost/M2_SS4_PHP_Monk-eye/Long/HumanResourceManagement/src/Add.php" "Mozilla/5.0 (X11; Linux x86_64) AppleWebKit/537.36 (KHTML, like Gecko) Chrome/78.0.3904.108 Safari/537.36"
::1 - - [07/Dec/2019:23:17:18 +0700] "-" 408 0 "-" "-"
::1 - - [07/Dec/2019:23:21:23 +0700] "POST /M2_SS4_PHP_Monk-eye/Long/HumanResourceManagement/src/Add.php HTTP/1.1" 500 185 "http://localhost/M2_SS4_PHP_Monk-eye/Long/HumanResourceManagement/src/Add.php" "Mozilla/5.0 (X11; Linux x86_64) AppleWebKit/537.36 (KHTML, like Gecko) Chrome/78.0.3904.108 Safari/537.36"
::1 - - [07/Dec/2019:23:21:25 +0700] "POST /M2_SS4_PHP_Monk-eye/Long/HumanResourceManagement/src/Add.php HTTP/1.1" 500 185 "http://localhost/M2_SS4_PHP_Monk-eye/Long/HumanResourceManagement/src/Add.php" "Mozilla/5.0 (X11; Linux x86_64) AppleWebKit/537.36 (KHTML, like Gecko) Chrome/78.0.3904.108 Safari/537.36"
::1 - - [07/Dec/2019:23:21:39 +0700] "GET /M2_SS4_PHP_Monk-eye/Long/HumanResourceManagement/src/Add.php HTTP/1.1" 200 1165 "-" "Mozilla/5.0 (X11; Linux x86_64) AppleWebKit/537.36 (KHTML, like Gecko) Chrome/78.0.3904.108 Safari/537.36"
::1 - - [07/Dec/2019:23:22:30 +0700] "-" 408 0 "-" "-"
::1 - - [07/Dec/2019:23:23:50 +0700] "POST /M2_SS4_PHP_Monk-eye/Long/HumanResourceManagement/src/Add.php HTTP/1.1" 500 185 "http://localhost/M2_SS4_PHP_Monk-eye/Long/HumanResourceManagement/src/Add.php" "Mozilla/5.0 (X11; Linux x86_64) AppleWebKit/537.36 (KHTML, like Gecko) Chrome/78.0.3904.108 Safari/537.36"
::1 - - [07/Dec/2019:23:24:41 +0700] "-" 408 0 "-" "-"
::1 - - [07/Dec/2019:23:24:41 +0700] "-" 408 0 "-" "-"
::1 - - [07/Dec/2019:23:25:29 +0700] "POST /M2_SS4_PHP_Monk-eye/Long/HumanResourceManagement/src/Add.php HTTP/1.1" 302 2561 "http://localhost/M2_SS4_PHP_Monk-eye/Long/HumanResourceManagement/src/Add.php" "Mozilla/5.0 (X11; Linux x86_64) AppleWebKit/537.36 (KHTML, like Gecko) Chrome/78.0.3904.108 Safari/537.36"
::1 - - [07/Dec/2019:23:25:29 +0700] "GET /M2_SS4_PHP_Monk-eye/Long/HumanResourceManagement/index.php HTTP/1.1" 200 1206 "http://localhost/M2_SS4_PHP_Monk-eye/Long/HumanResourceManagement/src/Add.php" "Mozilla/5.0 (X11; Linux x86_64) AppleWebKit/537.36 (KHTML, like Gecko) Chrome/78.0.3904.108 Safari/537.36"
::1 - - [07/Dec/2019:23:25:33 +0700] "GET /M2_SS4_PHP_Monk-eye/Long/HumanResourceManagement/src/Delete.php?index=0 HTTP/1.1" 200 202 "http://localhost/M2_SS4_PHP_Monk-eye/Long/HumanResourceManagement/index.php" "Mozilla/5.0 (X11; Linux x86_64) AppleWebKit/537.36 (KHTML, like Gecko) Chrome/78.0.3904.108 Safari/537.36"
::1 - - [07/Dec/2019:23:25:36 +0700] "GET /M2_SS4_PHP_Monk-eye/Long/HumanResourceManagement/src/Delete.php?index=0 HTTP/1.1" 200 202 "http://localhost/M2_SS4_PHP_Monk-eye/Long/HumanResourceManagement/index.php" "Mozilla/5.0 (X11; Linux x86_64) AppleWebKit/537.36 (KHTML, like Gecko) Chrome/78.0.3904.108 Safari/537.36"
::1 - - [07/Dec/2019:23:25:37 +0700] "GET /M2_SS4_PHP_Monk-eye/Long/HumanResourceManagement/src/Delete.php?index=0 HTTP/1.1" 200 202 "http://localhost/M2_SS4_PHP_Monk-eye/Long/HumanResourceManagement/index.php" "Mozilla/5.0 (X11; Linux x86_64) AppleWebKit/537.36 (KHTML, like Gecko) Chrome/78.0.3904.108 Safari/537.36"
::1 - - [07/Dec/2019:23:25:45 +0700] "GET /M2_SS4_PHP_Monk-eye/Long/HumanResourceManagement/src/Add.php HTTP/1.1" 200 1165 "-" "Mozilla/5.0 (X11; Linux x86_64) AppleWebKit/537.36 (KHTML, like Gecko) Chrome/78.0.3904.108 Safari/537.36"
::1 - - [07/Dec/2019:23:25:50 +0700] "POST /M2_SS4_PHP_Monk-eye/Long/HumanResourceManagement/src/Add.php HTTP/1.1" 302 2560 "http://localhost/M2_SS4_PHP_Monk-eye/Long/HumanResourceManagement/src/Add.php" "Mozilla/5.0 (X11; Linux x86_64) AppleWebKit/537.36 (KHTML, like Gecko) Chrome/78.0.3904.108 Safari/537.36"
::1 - - [07/Dec/2019:23:25:50 +0700] "GET /M2_SS4_PHP_Monk-eye/Long/HumanResourceManagement/index.php HTTP/1.1" 200 1206 "http://localhost/M2_SS4_PHP_Monk-eye/Long/HumanResourceManagement/src/Add.php" "Mozilla/5.0 (X11; Linux x86_64) AppleWebKit/537.36 (KHTML, like Gecko) Chrome/78.0.3904.108 Safari/537.36"
::1 - - [07/Dec/2019:23:26:36 +0700] "GET /M2_SS4_PHP_Monk-eye/Long/HumanResourceManagement/src/Add.php HTTP/1.1" 200 1165 "-" "Mozilla/5.0 (X11; Linux x86_64) AppleWebKit/537.36 (KHTML, like Gecko) Chrome/78.0.3904.108 Safari/537.36"
::1 - - [07/Dec/2019:23:26:39 +0700] "POST /M2_SS4_PHP_Monk-eye/Long/HumanResourceManagement/src/Add.php HTTP/1.1" 302 2560 "http://localhost/M2_SS4_PHP_Monk-eye/Long/HumanResourceManagement/src/Add.php" "Mozilla/5.0 (X11; Linux x86_64) AppleWebKit/537.36 (KHTML, like Gecko) Chrome/78.0.3904.108 Safari/537.36"
::1 - - [07/Dec/2019:23:26:39 +0700] "GET /M2_SS4_PHP_Monk-eye/Long/HumanResourceManagement/index.php HTTP/1.1" 200 1206 "http://localhost/M2_SS4_PHP_Monk-eye/Long/HumanResourceManagement/src/Add.php" "Mozilla/5.0 (X11; Linux x86_64) AppleWebKit/537.36 (KHTML, like Gecko) Chrome/78.0.3904.108 Safari/537.36"
::1 - - [07/Dec/2019:23:27:27 +0700] "-" 408 0 "-" "-"
::1 - - [07/Dec/2019:23:28:36 +0700] "GET /M2_SS4_PHP_Monk-eye/Long/HumanResourceManagement/src/Add.php HTTP/1.1" 200 1165 "-" "Mozilla/5.0 (X11; Linux x86_64) AppleWebKit/537.36 (KHTML, like Gecko) Chrome/78.0.3904.108 Safari/537.36"
::1 - - [07/Dec/2019:23:28:48 +0700] "POST /M2_SS4_PHP_Monk-eye/Long/HumanResourceManagement/src/Add.php HTTP/1.1" 302 2561 "http://localhost/M2_SS4_PHP_Monk-eye/Long/HumanResourceManagement/src/Add.php" "Mozilla/5.0 (X11; Linux x86_64) AppleWebKit/537.36 (KHTML, like Gecko) Chrome/78.0.3904.108 Safari/537.36"
::1 - - [07/Dec/2019:23:28:48 +0700] "GET /M2_SS4_PHP_Monk-eye/Long/HumanResourceManagement/index.php HTTP/1.1" 200 1206 "http://localhost/M2_SS4_PHP_Monk-eye/Long/HumanResourceManagement/src/Add.php" "Mozilla/5.0 (X11; Linux x86_64) AppleWebKit/537.36 (KHTML, like Gecko) Chrome/78.0.3904.108 Safari/537.36"
::1 - - [07/Dec/2019:23:29:40 +0700] "-" 408 0 "-" "-"
::1 - - [07/Dec/2019:23:31:35 +0700] "GET /M2_SS4_PHP_Monk-eye/Long/HumanResourceManagement/src/Add.php HTTP/1.1" 200 1165 "-" "Mozilla/5.0 (X11; Linux x86_64) AppleWebKit/537.36 (KHTML, like Gecko) Chrome/78.0.3904.108 Safari/537.36"
::1 - - [07/Dec/2019:23:31:43 +0700] "POST /M2_SS4_PHP_Monk-eye/Long/HumanResourceManagement/src/Add.php HTTP/1.1" 302 2561 "http://localhost/M2_SS4_PHP_Monk-eye/Long/HumanResourceManagement/src/Add.php" "Mozilla/5.0 (X11; Linux x86_64) AppleWebKit/537.36 (KHTML, like Gecko) Chrome/78.0.3904.108 Safari/537.36"
::1 - - [07/Dec/2019:23:31:43 +0700] "GET /M2_SS4_PHP_Monk-eye/Long/HumanResourceManagement/index.php HTTP/1.1" 200 1206 "http://localhost/M2_SS4_PHP_Monk-eye/Long/HumanResourceManagement/src/Add.php" "Mozilla/5.0 (X11; Linux x86_64) AppleWebKit/537.36 (KHTML, like Gecko) Chrome/78.0.3904.108 Safari/537.36"
::1 - - [07/Dec/2019:23:32:29 +0700] "GET /M2_SS4_PHP_Monk-eye/Long/HumanResourceManagement/src/Add.php HTTP/1.1" 200 1165 "-" "Mozilla/5.0 (X11; Linux x86_64) AppleWebKit/537.36 (KHTML, like Gecko) Chrome/78.0.3904.108 Safari/537.36"
::1 - - [07/Dec/2019:23:32:31 +0700] "POST /M2_SS4_PHP_Monk-eye/Long/HumanResourceManagement/src/Add.php HTTP/1.1" 302 2560 "http://localhost/M2_SS4_PHP_Monk-eye/Long/HumanResourceManagement/src/Add.php" "Mozilla/5.0 (X11; Linux x86_64) AppleWebKit/537.36 (KHTML, like Gecko) Chrome/78.0.3904.108 Safari/537.36"
::1 - - [07/Dec/2019:23:32:31 +0700] "GET /M2_SS4_PHP_Monk-eye/Long/HumanResourceManagement/index.php HTTP/1.1" 200 1206 "http://localhost/M2_SS4_PHP_Monk-eye/Long/HumanResourceManagement/src/Add.php" "Mozilla/5.0 (X11; Linux x86_64) AppleWebKit/537.36 (KHTML, like Gecko) Chrome/78.0.3904.108 Safari/537.36"
::1 - - [07/Dec/2019:23:32:56 +0700] "GET /M2_SS4_PHP_Monk-eye/Long/HumanResourceManagement/src/Add.php HTTP/1.1" 200 1165 "-" "Mozilla/5.0 (X11; Linux x86_64) AppleWebKit/537.36 (KHTML, like Gecko) Chrome/78.0.3904.108 Safari/537.36"
::1 - - [07/Dec/2019:23:32:57 +0700] "POST /M2_SS4_PHP_Monk-eye/Long/HumanResourceManagement/src/Add.php HTTP/1.1" 302 2560 "http://localhost/M2_SS4_PHP_Monk-eye/Long/HumanResourceManagement/src/Add.php" "Mozilla/5.0 (X11; Linux x86_64) AppleWebKit/537.36 (KHTML, like Gecko) Chrome/78.0.3904.108 Safari/537.36"
::1 - - [07/Dec/2019:23:32:57 +0700] "GET /M2_SS4_PHP_Monk-eye/Long/HumanResourceManagement/index.php HTTP/1.1" 200 1206 "http://localhost/M2_SS4_PHP_Monk-eye/Long/HumanResourceManagement/src/Add.php" "Mozilla/5.0 (X11; Linux x86_64) AppleWebKit/537.36 (KHTML, like Gecko) Chrome/78.0.3904.108 Safari/537.36"
::1 - - [07/Dec/2019:23:33:47 +0700] "-" 408 0 "-" "-"
::1 - - [07/Dec/2019:23:34:42 +0700] "GET /M2_SS4_PHP_Monk-eye/Long/HumanResourceManagement/src/Add.php HTTP/1.1" 200 1165 "-" "Mozilla/5.0 (X11; Linux x86_64) AppleWebKit/537.36 (KHTML, like Gecko) Chrome/78.0.3904.108 Safari/537.36"
::1 - - [07/Dec/2019:23:34:43 +0700] "POST /M2_SS4_PHP_Monk-eye/Long/HumanResourceManagement/src/Add.php HTTP/1.1" 302 2560 "http://localhost/M2_SS4_PHP_Monk-eye/Long/HumanResourceManagement/src/Add.php" "Mozilla/5.0 (X11; Linux x86_64) AppleWebKit/537.36 (KHTML, like Gecko) Chrome/78.0.3904.108 Safari/537.36"
::1 - - [07/Dec/2019:23:34:43 +0700] "GET /M2_SS4_PHP_Monk-eye/Long/HumanResourceManagement/index.php HTTP/1.1" 200 1206 "http://localhost/M2_SS4_PHP_Monk-eye/Long/HumanResourceManagement/src/Add.php" "Mozilla/5.0 (X11; Linux x86_64) AppleWebKit/537.36 (KHTML, like Gecko) Chrome/78.0.3904.108 Safari/537.36"
::1 - - [07/Dec/2019:23:35:26 +0700] "GET /M2_SS4_PHP_Monk-eye/Long/HumanResourceManagement/src/Add.php HTTP/1.1" 200 1165 "-" "Mozilla/5.0 (X11; Linux x86_64) AppleWebKit/537.36 (KHTML, like Gecko) Chrome/78.0.3904.108 Safari/537.36"
::1 - - [07/Dec/2019:23:35:27 +0700] "POST /M2_SS4_PHP_Monk-eye/Long/HumanResourceManagement/src/Add.php HTTP/1.1" 302 2560 "http://localhost/M2_SS4_PHP_Monk-eye/Long/HumanResourceManagement/src/Add.php" "Mozilla/5.0 (X11; Linux x86_64) AppleWebKit/537.36 (KHTML, like Gecko) Chrome/78.0.3904.108 Safari/537.36"
::1 - - [07/Dec/2019:23:35:27 +0700] "GET /M2_SS4_PHP_Monk-eye/Long/HumanResourceManagement/index.php HTTP/1.1" 200 1206 "http://localhost/M2_SS4_PHP_Monk-eye/Long/HumanResourceManagement/src/Add.php" "Mozilla/5.0 (X11; Linux x86_64) AppleWebKit/537.36 (KHTML, like Gecko) Chrome/78.0.3904.108 Safari/537.36"
::1 - - [07/Dec/2019:23:36:17 +0700] "-" 408 0 "-" "-"
::1 - - [08/Dec/2019:11:40:12 +0700] "GET /M2_SS4_PHP_Monk-eye/Long/HumanResourceManagement/src/Add.php HTTP/1.1" 200 1165 "-" "Mozilla/5.0 (X11; Linux x86_64) AppleWebKit/537.36 (KHTML, like Gecko) Chrome/78.0.3904.108 Safari/537.36"
::1 - - [08/Dec/2019:11:40:13 +0700] "GET /favicon.ico HTTP/1.1" 404 487 "http://localhost/M2_SS4_PHP_Monk-eye/Long/HumanResourceManagement/src/Add.php" "Mozilla/5.0 (X11; Linux x86_64) AppleWebKit/537.36 (KHTML, like Gecko) Chrome/78.0.3904.108 Safari/537.36"
::1 - - [08/Dec/2019:11:40:29 +0700] "POST /M2_SS4_PHP_Monk-eye/Long/HumanResourceManagement/src/Add.php HTTP/1.1" 302 2561 "http://localhost/M2_SS4_PHP_Monk-eye/Long/HumanResourceManagement/src/Add.php" "Mozilla/5.0 (X11; Linux x86_64) AppleWebKit/537.36 (KHTML, like Gecko) Chrome/78.0.3904.108 Safari/537.36"
::1 - - [08/Dec/2019:11:40:29 +0700] "GET /M2_SS4_PHP_Monk-eye/Long/HumanResourceManagement/index.php HTTP/1.1" 200 1206 "http://localhost/M2_SS4_PHP_Monk-eye/Long/HumanResourceManagement/src/Add.php" "Mozilla/5.0 (X11; Linux x86_64) AppleWebKit/537.36 (KHTML, like Gecko) Chrome/78.0.3904.108 Safari/537.36"
::1 - - [08/Dec/2019:11:41:20 +0700] "-" 408 0 "-" "-"
::1 - - [08/Dec/2019:11:46:20 +0700] "GET /M2_SS4_PHP_Monk-eye/Long/HumanResourceManagement/src/Add.php HTTP/1.1" 200 1165 "-" "Mozilla/5.0 (X11; Linux x86_64) AppleWebKit/537.36 (KHTML, like Gecko) Chrome/78.0.3904.108 Safari/537.36"
::1 - - [08/Dec/2019:11:49:38 +0700] "GET /M2_SS4_PHP_Monk-eye/Long/HumanResourceManagement/src/Add.php HTTP/1.1" 200 1165 "-" "Mozilla/5.0 (X11; Linux x86_64) AppleWebKit/537.36 (KHTML, like Gecko) Chrome/78.0.3904.108 Safari/537.36"
::1 - - [08/Dec/2019:11:49:45 +0700] "POST /M2_SS4_PHP_Monk-eye/Long/HumanResourceManagement/src/Add.php HTTP/1.1" 302 2561 "http://localhost/M2_SS4_PHP_Monk-eye/Long/HumanResourceManagement/src/Add.php" "Mozilla/5.0 (X11; Linux x86_64) AppleWebKit/537.36 (KHTML, like Gecko) Chrome/78.0.3904.108 Safari/537.36"
::1 - - [08/Dec/2019:11:49:45 +0700] "GET /M2_SS4_PHP_Monk-eye/Long/HumanResourceManagement/index.php HTTP/1.1" 200 1206 "http://localhost/M2_SS4_PHP_Monk-eye/Long/HumanResourceManagement/src/Add.php" "Mozilla/5.0 (X11; Linux x86_64) AppleWebKit/537.36 (KHTML, like Gecko) Chrome/78.0.3904.108 Safari/537.36"
::1 - - [08/Dec/2019:11:50:37 +0700] "-" 408 0 "-" "-"
::1 - - [08/Dec/2019:12:09:55 +0700] "GET /M2_SS2_PHP_Monk-eye/Long/UserPage/index.php HTTP/1.1" 404 488 "-" "Mozilla/5.0 (X11; Linux x86_64) AppleWebKit/537.36 (KHTML, like Gecko) Chrome/78.0.3904.108 Safari/537.36"
::1 - - [08/Dec/2019:12:09:57 +0700] "GET /M2_SS2_PHP_Monk-eye/Long/UserPage/index.php HTTP/1.1" 404 487 "-" "Mozilla/5.0 (X11; Linux x86_64) AppleWebKit/537.36 (KHTML, like Gecko) Chrome/78.0.3904.108 Safari/537.36"
::1 - - [08/Dec/2019:12:10:37 +0700] "GET /M2_SS2_PHP_Monk-eye/Long/M%E1%BA%A3ng%20v%C3%A0%20h%C3%A0m%20trong%20PHP/B%C3%A0i%20t%E1%BA%ADp/UserPage/index.php HTTP/1.1" 200 539 "-" "Mozilla/5.0 (X11; Linux x86_64) AppleWebKit/537.36 (KHTML, like Gecko) Chrome/78.0.3904.108 Safari/537.36"
::1 - - [08/Dec/2019:12:11:21 +0700] "GET /M2_SS2_PHP_Monk-eye/Long/M%E1%BA%A3ng%20v%C3%A0%20h%C3%A0m%20trong%20PHP/B%C3%A0i%20t%E1%BA%ADp/UserPage/index.php HTTP/1.1" 200 557 "-" "Mozilla/5.0 (X11; Linux x86_64) AppleWebKit/537.36 (KHTML, like Gecko) Chrome/78.0.3904.108 Safari/537.36"
::1 - - [08/Dec/2019:12:11:29 +0700] "GET /M2_SS2_PHP_Monk-eye/Long/M%E1%BA%A3ng%20v%C3%A0%20h%C3%A0m%20trong%20PHP/B%C3%A0i%20t%E1%BA%ADp/UserPage/index.php HTTP/1.1" 200 557 "-" "Mozilla/5.0 (X11; Linux x86_64) AppleWebKit/537.36 (KHTML, like Gecko) Chrome/78.0.3904.108 Safari/537.36"
::1 - - [08/Dec/2019:12:11:37 +0700] "GET /M2_SS2_PHP_Monk-eye/Long/M%E1%BA%A3ng%20v%C3%A0%20h%C3%A0m%20trong%20PHP/B%C3%A0i%20t%E1%BA%ADp/UserPage/index.php HTTP/1.1" 200 559 "-" "Mozilla/5.0 (X11; Linux x86_64) AppleWebKit/537.36 (KHTML, like Gecko) Chrome/78.0.3904.108 Safari/537.36"
::1 - - [08/Dec/2019:12:11:45 +0700] "GET /M2_SS2_PHP_Monk-eye/Long/M%E1%BA%A3ng%20v%C3%A0%20h%C3%A0m%20trong%20PHP/B%C3%A0i%20t%E1%BA%ADp/UserPage/index.php HTTP/1.1" 200 558 "-" "Mozilla/5.0 (X11; Linux x86_64) AppleWebKit/537.36 (KHTML, like Gecko) Chrome/78.0.3904.108 Safari/537.36"
::1 - - [08/Dec/2019:12:11:54 +0700] "GET /M2_SS2_PHP_Monk-eye/Long/M%E1%BA%A3ng%20v%C3%A0%20h%C3%A0m%20trong%20PHP/B%C3%A0i%20t%E1%BA%ADp/UserPage/index.php HTTP/1.1" 200 558 "-" "Mozilla/5.0 (X11; Linux x86_64) AppleWebKit/537.36 (KHTML, like Gecko) Chrome/78.0.3904.108 Safari/537.36"
::1 - - [08/Dec/2019:12:11:55 +0700] "GET /M2_SS2_PHP_Monk-eye/Long/M%E1%BA%A3ng%20v%C3%A0%20h%C3%A0m%20trong%20PHP/B%C3%A0i%20t%E1%BA%ADp/UserPage/index.php HTTP/1.1" 200 557 "-" "Mozilla/5.0 (X11; Linux x86_64) AppleWebKit/537.36 (KHTML, like Gecko) Chrome/78.0.3904.108 Safari/537.36"
::1 - - [08/Dec/2019:12:12:01 +0700] "GET /M2_SS2_PHP_Monk-eye/Long/M%E1%BA%A3ng%20v%C3%A0%20h%C3%A0m%20trong%20PHP/B%C3%A0i%20t%E1%BA%ADp/UserPage/index.php HTTP/1.1" 200 557 "-" "Mozilla/5.0 (X11; Linux x86_64) AppleWebKit/537.36 (KHTML, like Gecko) Chrome/78.0.3904.108 Safari/537.36"
::1 - - [08/Dec/2019:12:12:02 +0700] "GET /M2_SS2_PHP_Monk-eye/Long/M%E1%BA%A3ng%20v%C3%A0%20h%C3%A0m%20trong%20PHP/B%C3%A0i%20t%E1%BA%ADp/UserPage/index.php HTTP/1.1" 200 556 "-" "Mozilla/5.0 (X11; Linux x86_64) AppleWebKit/537.36 (KHTML, like Gecko) Chrome/78.0.3904.108 Safari/537.36"
::1 - - [08/Dec/2019:12:12:53 +0700] "-" 408 0 "-" "-"
::1 - - [08/Dec/2019:12:17:50 +0700] "GET /M2_SS2_PHP_Monk-eye/Long/M%E1%BA%A3ng%20v%C3%A0%20h%C3%A0m%20trong%20PHP/B%C3%A0i%20t%E1%BA%ADp/UserPage/index.php HTTP/1.1" 200 558 "-" "Mozilla/5.0 (X11; Linux x86_64) AppleWebKit/537.36 (KHTML, like Gecko) Chrome/78.0.3904.108 Safari/537.36"
::1 - - [08/Dec/2019:12:17:53 +0700] "GET /M2_SS2_PHP_Monk-eye/Long/M%E1%BA%A3ng%20v%C3%A0%20h%C3%A0m%20trong%20PHP/B%C3%A0i%20t%E1%BA%ADp/UserPage/index.php HTTP/1.1" 200 557 "-" "Mozilla/5.0 (X11; Linux x86_64) AppleWebKit/537.36 (KHTML, like Gecko) Chrome/78.0.3904.108 Safari/537.36"
::1 - - [08/Dec/2019:12:18:06 +0700] "POST /M2_SS2_PHP_Monk-eye/Long/M%E1%BA%A3ng%20v%C3%A0%20h%C3%A0m%20trong%20PHP/B%C3%A0i%20t%E1%BA%ADp/UserPage/index.php HTTP/1.1" 200 578 "http://localhost/M2_SS2_PHP_Monk-eye/Long/M%E1%BA%A3ng%20v%C3%A0%20h%C3%A0m%20trong%20PHP/B%C3%A0i%20t%E1%BA%ADp/UserPage/index.php" "Mozilla/5.0 (X11; Linux x86_64) AppleWebKit/537.36 (KHTML, like Gecko) Chrome/78.0.3904.108 Safari/537.36"
::1 - - [08/Dec/2019:12:18:19 +0700] "POST /M2_SS2_PHP_Monk-eye/Long/M%E1%BA%A3ng%20v%C3%A0%20h%C3%A0m%20trong%20PHP/B%C3%A0i%20t%E1%BA%ADp/UserPage/index.php HTTP/1.1" 200 578 "http://localhost/M2_SS2_PHP_Monk-eye/Long/M%E1%BA%A3ng%20v%C3%A0%20h%C3%A0m%20trong%20PHP/B%C3%A0i%20t%E1%BA%ADp/UserPage/index.php" "Mozilla/5.0 (X11; Linux x86_64) AppleWebKit/537.36 (KHTML, like Gecko) Chrome/78.0.3904.108 Safari/537.36"
::1 - - [08/Dec/2019:12:18:22 +0700] "POST /M2_SS2_PHP_Monk-eye/Long/M%E1%BA%A3ng%20v%C3%A0%20h%C3%A0m%20trong%20PHP/B%C3%A0i%20t%E1%BA%ADp/UserPage/index.php HTTP/1.1" 200 577 "http://localhost/M2_SS2_PHP_Monk-eye/Long/M%E1%BA%A3ng%20v%C3%A0%20h%C3%A0m%20trong%20PHP/B%C3%A0i%20t%E1%BA%ADp/UserPage/index.php" "Mozilla/5.0 (X11; Linux x86_64) AppleWebKit/537.36 (KHTML, like Gecko) Chrome/78.0.3904.108 Safari/537.36"
::1 - - [08/Dec/2019:12:18:25 +0700] "POST /M2_SS2_PHP_Monk-eye/Long/M%E1%BA%A3ng%20v%C3%A0%20h%C3%A0m%20trong%20PHP/B%C3%A0i%20t%E1%BA%ADp/UserPage/index.php HTTP/1.1" 200 577 "http://localhost/M2_SS2_PHP_Monk-eye/Long/M%E1%BA%A3ng%20v%C3%A0%20h%C3%A0m%20trong%20PHP/B%C3%A0i%20t%E1%BA%ADp/UserPage/index.php" "Mozilla/5.0 (X11; Linux x86_64) AppleWebKit/537.36 (KHTML, like Gecko) Chrome/78.0.3904.108 Safari/537.36"
::1 - - [08/Dec/2019:12:18:31 +0700] "GET /M2_SS2_PHP_Monk-eye/Long/M%E1%BA%A3ng%20v%C3%A0%20h%C3%A0m%20trong%20PHP/B%C3%A0i%20t%E1%BA%ADp/UserPage/index.php HTTP/1.1" 200 558 "-" "Mozilla/5.0 (X11; Linux x86_64) AppleWebKit/537.36 (KHTML, like Gecko) Chrome/78.0.3904.108 Safari/537.36"
::1 - - [08/Dec/2019:12:18:38 +0700] "POST /M2_SS2_PHP_Monk-eye/Long/M%E1%BA%A3ng%20v%C3%A0%20h%C3%A0m%20trong%20PHP/B%C3%A0i%20t%E1%BA%ADp/UserPage/index.php HTTP/1.1" 200 578 "http://localhost/M2_SS2_PHP_Monk-eye/Long/M%E1%BA%A3ng%20v%C3%A0%20h%C3%A0m%20trong%20PHP/B%C3%A0i%20t%E1%BA%ADp/UserPage/index.php" "Mozilla/5.0 (X11; Linux x86_64) AppleWebKit/537.36 (KHTML, like Gecko) Chrome/78.0.3904.108 Safari/537.36"
::1 - - [08/Dec/2019:12:19:01 +0700] "POST /M2_SS2_PHP_Monk-eye/Long/M%E1%BA%A3ng%20v%C3%A0%20h%C3%A0m%20trong%20PHP/B%C3%A0i%20t%E1%BA%ADp/UserPage/index.php HTTP/1.1" 200 578 "http://localhost/M2_SS2_PHP_Monk-eye/Long/M%E1%BA%A3ng%20v%C3%A0%20h%C3%A0m%20trong%20PHP/B%C3%A0i%20t%E1%BA%ADp/UserPage/index.php" "Mozilla/5.0 (X11; Linux x86_64) AppleWebKit/537.36 (KHTML, like Gecko) Chrome/78.0.3904.108 Safari/537.36"
::1 - - [08/Dec/2019:12:19:03 +0700] "GET /M2_SS2_PHP_Monk-eye/Long/M%E1%BA%A3ng%20v%C3%A0%20h%C3%A0m%20trong%20PHP/B%C3%A0i%20t%E1%BA%ADp/UserPage/index.php HTTP/1.1" 200 557 "-" "Mozilla/5.0 (X11; Linux x86_64) AppleWebKit/537.36 (KHTML, like Gecko) Chrome/78.0.3904.108 Safari/537.36"
::1 - - [08/Dec/2019:12:19:07 +0700] "POST /M2_SS2_PHP_Monk-eye/Long/M%E1%BA%A3ng%20v%C3%A0%20h%C3%A0m%20trong%20PHP/B%C3%A0i%20t%E1%BA%ADp/UserPage/index.php HTTP/1.1" 200 577 "http://localhost/M2_SS2_PHP_Monk-eye/Long/M%E1%BA%A3ng%20v%C3%A0%20h%C3%A0m%20trong%20PHP/B%C3%A0i%20t%E1%BA%ADp/UserPage/index.php" "Mozilla/5.0 (X11; Linux x86_64) AppleWebKit/537.36 (KHTML, like Gecko) Chrome/78.0.3904.108 Safari/537.36"
::1 - - [08/Dec/2019:12:20:34 +0700] "GET /M2_SS2_PHP_Monk-eye/Long/M%E1%BA%A3ng%20v%C3%A0%20h%C3%A0m%20trong%20PHP/B%C3%A0i%20t%E1%BA%ADp/UserPage/index.php HTTP/1.1" 200 558 "-" "Mozilla/5.0 (X11; Linux x86_64) AppleWebKit/537.36 (KHTML, like Gecko) Chrome/78.0.3904.108 Safari/537.36"
::1 - - [08/Dec/2019:12:20:35 +0700] "POST /M2_SS2_PHP_Monk-eye/Long/M%E1%BA%A3ng%20v%C3%A0%20h%C3%A0m%20trong%20PHP/B%C3%A0i%20t%E1%BA%ADp/UserPage/index.php HTTP/1.1" 200 577 "http://localhost/M2_SS2_PHP_Monk-eye/Long/M%E1%BA%A3ng%20v%C3%A0%20h%C3%A0m%20trong%20PHP/B%C3%A0i%20t%E1%BA%ADp/UserPage/index.php" "Mozilla/5.0 (X11; Linux x86_64) AppleWebKit/537.36 (KHTML, like Gecko) Chrome/78.0.3904.108 Safari/537.36"
::1 - - [08/Dec/2019:12:21:42 +0700] "POST /M2_SS2_PHP_Monk-eye/Long/M%E1%BA%A3ng%20v%C3%A0%20h%C3%A0m%20trong%20PHP/B%C3%A0i%20t%E1%BA%ADp/UserPage/index.php HTTP/1.1" 200 558 "http://localhost/M2_SS2_PHP_Monk-eye/Long/M%E1%BA%A3ng%20v%C3%A0%20h%C3%A0m%20trong%20PHP/B%C3%A0i%20t%E1%BA%ADp/UserPage/index.php" "Mozilla/5.0 (X11; Linux x86_64) AppleWebKit/537.36 (KHTML, like Gecko) Chrome/78.0.3904.108 Safari/537.36"
::1 - - [08/Dec/2019:12:21:48 +0700] "POST /M2_SS2_PHP_Monk-eye/Long/M%E1%BA%A3ng%20v%C3%A0%20h%C3%A0m%20trong%20PHP/B%C3%A0i%20t%E1%BA%ADp/UserPage/index.php HTTP/1.1" 200 558 "http://localhost/M2_SS2_PHP_Monk-eye/Long/M%E1%BA%A3ng%20v%C3%A0%20h%C3%A0m%20trong%20PHP/B%C3%A0i%20t%E1%BA%ADp/UserPage/index.php" "Mozilla/5.0 (X11; Linux x86_64) AppleWebKit/537.36 (KHTML, like Gecko) Chrome/78.0.3904.108 Safari/537.36"
::1 - - [08/Dec/2019:12:21:54 +0700] "POST /M2_SS2_PHP_Monk-eye/Long/M%E1%BA%A3ng%20v%C3%A0%20h%C3%A0m%20trong%20PHP/B%C3%A0i%20t%E1%BA%ADp/UserPage/index.php HTTP/1.1" 200 578 "http://localhost/M2_SS2_PHP_Monk-eye/Long/M%E1%BA%A3ng%20v%C3%A0%20h%C3%A0m%20trong%20PHP/B%C3%A0i%20t%E1%BA%ADp/UserPage/index.php" "Mozilla/5.0 (X11; Linux x86_64) AppleWebKit/537.36 (KHTML, like Gecko) Chrome/78.0.3904.108 Safari/537.36"
::1 - - [08/Dec/2019:12:21:58 +0700] "POST /M2_SS2_PHP_Monk-eye/Long/M%E1%BA%A3ng%20v%C3%A0%20h%C3%A0m%20trong%20PHP/B%C3%A0i%20t%E1%BA%ADp/UserPage/index.php HTTP/1.1" 200 577 "http://localhost/M2_SS2_PHP_Monk-eye/Long/M%E1%BA%A3ng%20v%C3%A0%20h%C3%A0m%20trong%20PHP/B%C3%A0i%20t%E1%BA%ADp/UserPage/index.php" "Mozilla/5.0 (X11; Linux x86_64) AppleWebKit/537.36 (KHTML, like Gecko) Chrome/78.0.3904.108 Safari/537.36"
::1 - - [08/Dec/2019:12:22:46 +0700] "-" 408 0 "-" "-"
::1 - - [08/Dec/2019:12:27:41 +0700] "POST /M2_SS2_PHP_Monk-eye/Long/M%E1%BA%A3ng%20v%C3%A0%20h%C3%A0m%20trong%20PHP/B%C3%A0i%20t%E1%BA%ADp/UserPage/index.php HTTP/1.1" 500 755 "http://localhost/M2_SS2_PHP_Monk-eye/Long/M%E1%BA%A3ng%20v%C3%A0%20h%C3%A0m%20trong%20PHP/B%C3%A0i%20t%E1%BA%ADp/UserPage/index.php" "Mozilla/5.0 (X11; Linux x86_64) AppleWebKit/537.36 (KHTML, like Gecko) Chrome/78.0.3904.108 Safari/537.36"
::1 - - [08/Dec/2019:12:28:01 +0700] "POST /M2_SS2_PHP_Monk-eye/Long/M%E1%BA%A3ng%20v%C3%A0%20h%C3%A0m%20trong%20PHP/B%C3%A0i%20t%E1%BA%ADp/UserPage/index.php HTTP/1.1" 500 725 "http://localhost/M2_SS2_PHP_Monk-eye/Long/M%E1%BA%A3ng%20v%C3%A0%20h%C3%A0m%20trong%20PHP/B%C3%A0i%20t%E1%BA%ADp/UserPage/index.php" "Mozilla/5.0 (X11; Linux x86_64) AppleWebKit/537.36 (KHTML, like Gecko) Chrome/78.0.3904.108 Safari/537.36"
::1 - - [08/Dec/2019:12:28:42 +0700] "POST /M2_SS2_PHP_Monk-eye/Long/M%E1%BA%A3ng%20v%C3%A0%20h%C3%A0m%20trong%20PHP/B%C3%A0i%20t%E1%BA%ADp/UserPage/index.php HTTP/1.1" 200 558 "http://localhost/M2_SS2_PHP_Monk-eye/Long/M%E1%BA%A3ng%20v%C3%A0%20h%C3%A0m%20trong%20PHP/B%C3%A0i%20t%E1%BA%ADp/UserPage/index.php" "Mozilla/5.0 (X11; Linux x86_64) AppleWebKit/537.36 (KHTML, like Gecko) Chrome/78.0.3904.108 Safari/537.36"
::1 - - [08/Dec/2019:12:28:53 +0700] "POST /M2_SS2_PHP_Monk-eye/Long/M%E1%BA%A3ng%20v%C3%A0%20h%C3%A0m%20trong%20PHP/B%C3%A0i%20t%E1%BA%ADp/UserPage/index.php HTTP/1.1" 200 558 "http://localhost/M2_SS2_PHP_Monk-eye/Long/M%E1%BA%A3ng%20v%C3%A0%20h%C3%A0m%20trong%20PHP/B%C3%A0i%20t%E1%BA%ADp/UserPage/index.php" "Mozilla/5.0 (X11; Linux x86_64) AppleWebKit/537.36 (KHTML, like Gecko) Chrome/78.0.3904.108 Safari/537.36"
::1 - - [08/Dec/2019:12:29:44 +0700] "-" 408 0 "-" "-"
::1 - - [08/Dec/2019:12:30:30 +0700] "POST /M2_SS2_PHP_Monk-eye/Long/M%E1%BA%A3ng%20v%C3%A0%20h%C3%A0m%20trong%20PHP/B%C3%A0i%20t%E1%BA%ADp/UserPage/index.php HTTP/1.1" 200 558 "http://localhost/M2_SS2_PHP_Monk-eye/Long/M%E1%BA%A3ng%20v%C3%A0%20h%C3%A0m%20trong%20PHP/B%C3%A0i%20t%E1%BA%ADp/UserPage/index.php" "Mozilla/5.0 (X11; Linux x86_64) AppleWebKit/537.36 (KHTML, like Gecko) Chrome/78.0.3904.108 Safari/537.36"
::1 - - [08/Dec/2019:12:31:21 +0700] "-" 408 0 "-" "-"
::1 - - [08/Dec/2019:12:35:14 +0700] "GET /M2_SS2_PHP_Monk-eye/Long/M%E1%BA%A3ng%20v%C3%A0%20h%C3%A0m%20trong%20PHP/B%C3%A0i%20t%E1%BA%ADp/UserPage/index.php HTTP/1.1" 200 558 "-" "Mozilla/5.0 (X11; Linux x86_64) AppleWebKit/537.36 (KHTML, like Gecko) Chrome/78.0.3904.108 Safari/537.36"
::1 - - [08/Dec/2019:12:35:25 +0700] "POST /M2_SS2_PHP_Monk-eye/Long/M%E1%BA%A3ng%20v%C3%A0%20h%C3%A0m%20trong%20PHP/B%C3%A0i%20t%E1%BA%ADp/UserPage/index.php HTTP/1.1" 200 558 "http://localhost/M2_SS2_PHP_Monk-eye/Long/M%E1%BA%A3ng%20v%C3%A0%20h%C3%A0m%20trong%20PHP/B%C3%A0i%20t%E1%BA%ADp/UserPage/index.php" "Mozilla/5.0 (X11; Linux x86_64) AppleWebKit/537.36 (KHTML, like Gecko) Chrome/78.0.3904.108 Safari/537.36"
::1 - - [08/Dec/2019:12:36:02 +0700] "POST /M2_SS2_PHP_Monk-eye/Long/M%E1%BA%A3ng%20v%C3%A0%20h%C3%A0m%20trong%20PHP/B%C3%A0i%20t%E1%BA%ADp/UserPage/index.php HTTP/1.1" 200 558 "http://localhost/M2_SS2_PHP_Monk-eye/Long/M%E1%BA%A3ng%20v%C3%A0%20h%C3%A0m%20trong%20PHP/B%C3%A0i%20t%E1%BA%ADp/UserPage/index.php" "Mozilla/5.0 (X11; Linux x86_64) AppleWebKit/537.36 (KHTML, like Gecko) Chrome/78.0.3904.108 Safari/537.36"
::1 - - [08/Dec/2019:12:39:28 +0700] "GET /M2_SS2_PHP_Monk-eye/Long/M%E1%BA%A3ng%20v%C3%A0%20h%C3%A0m%20trong%20PHP/B%C3%A0i%20t%E1%BA%ADp/UserPage/index.php HTTP/1.1" 200 558 "-" "Mozilla/5.0 (X11; Linux x86_64) AppleWebKit/537.36 (KHTML, like Gecko) Chrome/78.0.3904.108 Safari/537.36"
::1 - - [08/Dec/2019:12:39:44 +0700] "POST /M2_SS2_PHP_Monk-eye/Long/M%E1%BA%A3ng%20v%C3%A0%20h%C3%A0m%20trong%20PHP/B%C3%A0i%20t%E1%BA%ADp/UserPage/index.php HTTP/1.1" 200 558 "http://localhost/M2_SS2_PHP_Monk-eye/Long/M%E1%BA%A3ng%20v%C3%A0%20h%C3%A0m%20trong%20PHP/B%C3%A0i%20t%E1%BA%ADp/UserPage/index.php" "Mozilla/5.0 (X11; Linux x86_64) AppleWebKit/537.36 (KHTML, like Gecko) Chrome/78.0.3904.108 Safari/537.36"
::1 - - [08/Dec/2019:16:52:20 +0700] "GET /test/test.php HTTP/1.1" 200 203 "-" "Mozilla/5.0 (X11; Linux x86_64) AppleWebKit/537.36 (KHTML, like Gecko) Chrome/78.0.3904.108 Safari/537.36"
::1 - - [08/Dec/2019:16:52:21 +0700] "GET /favicon.ico HTTP/1.1" 404 487 "http://localhost/test/test.php" "Mozilla/5.0 (X11; Linux x86_64) AppleWebKit/537.36 (KHTML, like Gecko) Chrome/78.0.3904.108 Safari/537.36"
::1 - - [08/Dec/2019:16:53:35 +0700] "GET /test/test.php HTTP/1.1" 500 185 "-" "Mozilla/5.0 (X11; Linux x86_64) AppleWebKit/537.36 (KHTML, like Gecko) Chrome/78.0.3904.108 Safari/537.36"
::1 - - [08/Dec/2019:16:54:38 +0700] "GET /test/test.php HTTP/1.1" 500 185 "-" "Mozilla/5.0 (X11; Linux x86_64) AppleWebKit/537.36 (KHTML, like Gecko) Chrome/78.0.3904.108 Safari/537.36"
::1 - - [08/Dec/2019:16:54:39 +0700] "GET /test/test.php HTTP/1.1" 500 185 "-" "Mozilla/5.0 (X11; Linux x86_64) AppleWebKit/537.36 (KHTML, like Gecko) Chrome/78.0.3904.108 Safari/537.36"
::1 - - [08/Dec/2019:16:56:51 +0700] "GET /test/test.php HTTP/1.1" 500 185 "-" "Mozilla/5.0 (X11; Linux x86_64) AppleWebKit/537.36 (KHTML, like Gecko) Chrome/78.0.3904.108 Safari/537.36"
::1 - - [08/Dec/2019:16:56:52 +0700] "GET /test/test.php HTTP/1.1" 500 185 "-" "Mozilla/5.0 (X11; Linux x86_64) AppleWebKit/537.36 (KHTML, like Gecko) Chrome/78.0.3904.108 Safari/537.36"
::1 - - [08/Dec/2019:16:57:07 +0700] "GET /test/test.php HTTP/1.1" 200 208 "-" "Mozilla/5.0 (X11; Linux x86_64) AppleWebKit/537.36 (KHTML, like Gecko) Chrome/78.0.3904.108 Safari/537.36"
::1 - - [08/Dec/2019:16:57:35 +0700] "GET /test/test.php HTTP/1.1" 200 208 "-" "Mozilla/5.0 (X11; Linux x86_64) AppleWebKit/537.36 (KHTML, like Gecko) Chrome/78.0.3904.108 Safari/537.36"
::1 - - [08/Dec/2019:16:57:35 +0700] "GET /test/test.php HTTP/1.1" 200 207 "-" "Mozilla/5.0 (X11; Linux x86_64) AppleWebKit/537.36 (KHTML, like Gecko) Chrome/78.0.3904.108 Safari/537.36"
::1 - - [08/Dec/2019:16:57:50 +0700] "GET /test/test.php HTTP/1.1" 200 343 "-" "Mozilla/5.0 (X11; Linux x86_64) AppleWebKit/537.36 (KHTML, like Gecko) Chrome/78.0.3904.108 Safari/537.36"
::1 - - [08/Dec/2019:16:58:17 +0700] "GET /test/test.php HTTP/1.1" 200 343 "-" "Mozilla/5.0 (X11; Linux x86_64) AppleWebKit/537.36 (KHTML, like Gecko) Chrome/78.0.3904.108 Safari/537.36"
::1 - - [08/Dec/2019:16:58:35 +0700] "GET /test/test.php HTTP/1.1" 200 343 "-" "Mozilla/5.0 (X11; Linux x86_64) AppleWebKit/537.36 (KHTML, like Gecko) Chrome/78.0.3904.108 Safari/537.36"
::1 - - [08/Dec/2019:16:58:35 +0700] "GET /test/test.php HTTP/1.1" 200 342 "-" "Mozilla/5.0 (X11; Linux x86_64) AppleWebKit/537.36 (KHTML, like Gecko) Chrome/78.0.3904.108 Safari/537.36"
::1 - - [08/Dec/2019:16:58:35 +0700] "GET /test/test.php HTTP/1.1" 200 342 "-" "Mozilla/5.0 (X11; Linux x86_64) AppleWebKit/537.36 (KHTML, like Gecko) Chrome/78.0.3904.108 Safari/537.36"
::1 - - [08/Dec/2019:16:58:36 +0700] "GET /test/test.php HTTP/1.1" 200 342 "-" "Mozilla/5.0 (X11; Linux x86_64) AppleWebKit/537.36 (KHTML, like Gecko) Chrome/78.0.3904.108 Safari/537.36"
::1 - - [08/Dec/2019:16:58:55 +0700] "GET /test/test.php HTTP/1.1" 200 343 "-" "Mozilla/5.0 (X11; Linux x86_64) AppleWebKit/537.36 (KHTML, like Gecko) Chrome/78.0.3904.108 Safari/537.36"
::1 - - [08/Dec/2019:16:58:55 +0700] "GET /test/test.php HTTP/1.1" 200 342 "-" "Mozilla/5.0 (X11; Linux x86_64) AppleWebKit/537.36 (KHTML, like Gecko) Chrome/78.0.3904.108 Safari/537.36"
::1 - - [08/Dec/2019:16:58:56 +0700] "GET /test/test.php HTTP/1.1" 200 342 "-" "Mozilla/5.0 (X11; Linux x86_64) AppleWebKit/537.36 (KHTML, like Gecko) Chrome/78.0.3904.108 Safari/537.36"
::1 - - [08/Dec/2019:16:59:10 +0700] "GET /test/test.php HTTP/1.1" 200 343 "-" "Mozilla/5.0 (X11; Linux x86_64) AppleWebKit/537.36 (KHTML, like Gecko) Chrome/78.0.3904.108 Safari/537.36"
::1 - - [08/Dec/2019:16:59:35 +0700] "GET /test/test.php HTTP/1.1" 200 343 "-" "Mozilla/5.0 (X11; Linux x86_64) AppleWebKit/537.36 (KHTML, like Gecko) Chrome/78.0.3904.108 Safari/537.36"
::1 - - [08/Dec/2019:16:59:35 +0700] "GET /test/test.php HTTP/1.1" 200 342 "-" "Mozilla/5.0 (X11; Linux x86_64) AppleWebKit/537.36 (KHTML, like Gecko) Chrome/78.0.3904.108 Safari/537.36"
::1 - - [08/Dec/2019:16:59:36 +0700] "GET /test/test.php HTTP/1.1" 200 342 "-" "Mozilla/5.0 (X11; Linux x86_64) AppleWebKit/537.36 (KHTML, like Gecko) Chrome/78.0.3904.108 Safari/537.36"
::1 - - [08/Dec/2019:16:59:36 +0700] "GET /test/test.php HTTP/1.1" 200 342 "-" "Mozilla/5.0 (X11; Linux x86_64) AppleWebKit/537.36 (KHTML, like Gecko) Chrome/78.0.3904.108 Safari/537.36"
::1 - - [08/Dec/2019:16:59:36 +0700] "GET /test/test.php HTTP/1.1" 200 342 "-" "Mozilla/5.0 (X11; Linux x86_64) AppleWebKit/537.36 (KHTML, like Gecko) Chrome/78.0.3904.108 Safari/537.36"
::1 - - [08/Dec/2019:17:16:32 +0700] "GET /test/test.php HTTP/1.1" 200 352 "-" "Mozilla/5.0 (X11; Linux x86_64) AppleWebKit/537.36 (KHTML, like Gecko) Chrome/78.0.3904.108 Safari/537.36"
::1 - - [08/Dec/2019:17:16:35 +0700] "GET /test/test.php HTTP/1.1" 200 351 "-" "Mozilla/5.0 (X11; Linux x86_64) AppleWebKit/537.36 (KHTML, like Gecko) Chrome/78.0.3904.108 Safari/537.36"
::1 - - [08/Dec/2019:17:16:38 +0700] "GET /test/test.php HTTP/1.1" 200 351 "-" "Mozilla/5.0 (X11; Linux x86_64) AppleWebKit/537.36 (KHTML, like Gecko) Chrome/78.0.3904.108 Safari/537.36"
::1 - - [08/Dec/2019:17:16:38 +0700] "GET /test/test.php HTTP/1.1" 200 351 "-" "Mozilla/5.0 (X11; Linux x86_64) AppleWebKit/537.36 (KHTML, like Gecko) Chrome/78.0.3904.108 Safari/537.36"
::1 - - [08/Dec/2019:17:22:46 +0700] "GET /test/test.php HTTP/1.1" 200 352 "-" "Mozilla/5.0 (X11; Linux x86_64) AppleWebKit/537.36 (KHTML, like Gecko) Chrome/78.0.3904.108 Safari/537.36"
::1 - - [08/Dec/2019:17:22:47 +0700] "GET /test/test.php HTTP/1.1" 200 351 "-" "Mozilla/5.0 (X11; Linux x86_64) AppleWebKit/537.36 (KHTML, like Gecko) Chrome/78.0.3904.108 Safari/537.36"
::1 - - [08/Dec/2019:17:22:47 +0700] "GET /test/test.php HTTP/1.1" 200 351 "-" "Mozilla/5.0 (X11; Linux x86_64) AppleWebKit/537.36 (KHTML, like Gecko) Chrome/78.0.3904.108 Safari/537.36"
::1 - - [08/Dec/2019:17:22:47 +0700] "GET /test/test.php HTTP/1.1" 200 351 "-" "Mozilla/5.0 (X11; Linux x86_64) AppleWebKit/537.36 (KHTML, like Gecko) Chrome/78.0.3904.108 Safari/537.36"
::1 - - [08/Dec/2019:17:22:48 +0700] "GET /test/test.php HTTP/1.1" 200 351 "-" "Mozilla/5.0 (X11; Linux x86_64) AppleWebKit/537.36 (KHTML, like Gecko) Chrome/78.0.3904.108 Safari/537.36"
::1 - - [08/Dec/2019:17:22:49 +0700] "GET /test/test.php HTTP/1.1" 200 351 "-" "Mozilla/5.0 (X11; Linux x86_64) AppleWebKit/537.36 (KHTML, like Gecko) Chrome/78.0.3904.108 Safari/537.36"
::1 - - [08/Dec/2019:17:22:49 +0700] "GET /test/test.php HTTP/1.1" 200 351 "-" "Mozilla/5.0 (X11; Linux x86_64) AppleWebKit/537.36 (KHTML, like Gecko) Chrome/78.0.3904.108 Safari/537.36"
::1 - - [08/Dec/2019:17:22:49 +0700] "GET /test/test.php HTTP/1.1" 200 351 "-" "Mozilla/5.0 (X11; Linux x86_64) AppleWebKit/537.36 (KHTML, like Gecko) Chrome/78.0.3904.108 Safari/537.36"
::1 - - [08/Dec/2019:17:22:49 +0700] "GET /test/test.php HTTP/1.1" 200 351 "-" "Mozilla/5.0 (X11; Linux x86_64) AppleWebKit/537.36 (KHTML, like Gecko) Chrome/78.0.3904.108 Safari/537.36"
::1 - - [08/Dec/2019:17:22:49 +0700] "GET /test/test.php HTTP/1.1" 200 351 "-" "Mozilla/5.0 (X11; Linux x86_64) AppleWebKit/537.36 (KHTML, like Gecko) Chrome/78.0.3904.108 Safari/537.36"
::1 - - [08/Dec/2019:17:22:59 +0700] "GET /test/test.php HTTP/1.1" 200 352 "-" "Mozilla/5.0 (X11; Linux x86_64) AppleWebKit/537.36 (KHTML, like Gecko) Chrome/78.0.3904.108 Safari/537.36"
::1 - - [08/Dec/2019:17:22:59 +0700] "GET /test/test.php HTTP/1.1" 200 351 "-" "Mozilla/5.0 (X11; Linux x86_64) AppleWebKit/537.36 (KHTML, like Gecko) Chrome/78.0.3904.108 Safari/537.36"
::1 - - [08/Dec/2019:17:22:59 +0700] "GET /test/test.php HTTP/1.1" 200 351 "-" "Mozilla/5.0 (X11; Linux x86_64) AppleWebKit/537.36 (KHTML, like Gecko) Chrome/78.0.3904.108 Safari/537.36"
::1 - - [08/Dec/2019:17:22:59 +0700] "GET /test/test.php HTTP/1.1" 200 351 "-" "Mozilla/5.0 (X11; Linux x86_64) AppleWebKit/537.36 (KHTML, like Gecko) Chrome/78.0.3904.108 Safari/537.36"
::1 - - [08/Dec/2019:17:22:59 +0700] "GET /test/test.php HTTP/1.1" 200 351 "-" "Mozilla/5.0 (X11; Linux x86_64) AppleWebKit/537.36 (KHTML, like Gecko) Chrome/78.0.3904.108 Safari/537.36"
::1 - - [08/Dec/2019:17:23:00 +0700] "GET /test/test.php HTTP/1.1" 200 351 "-" "Mozilla/5.0 (X11; Linux x86_64) AppleWebKit/537.36 (KHTML, like Gecko) Chrome/78.0.3904.108 Safari/537.36"
::1 - - [08/Dec/2019:17:23:00 +0700] "GET /test/test.php HTTP/1.1" 200 351 "-" "Mozilla/5.0 (X11; Linux x86_64) AppleWebKit/537.36 (KHTML, like Gecko) Chrome/78.0.3904.108 Safari/537.36"
::1 - - [08/Dec/2019:17:23:50 +0700] "-" 408 0 "-" "-"
::1 - - [08/Dec/2019:17:26:08 +0700] "GET /test/test.php HTTP/1.1" 200 344 "-" "Mozilla/5.0 (X11; Linux x86_64) AppleWebKit/537.36 (KHTML, like Gecko) Chrome/78.0.3904.108 Safari/537.36"
::1 - - [08/Dec/2019:17:26:09 +0700] "GET /test/test.php HTTP/1.1" 200 343 "-" "Mozilla/5.0 (X11; Linux x86_64) AppleWebKit/537.36 (KHTML, like Gecko) Chrome/78.0.3904.108 Safari/537.36"
::1 - - [08/Dec/2019:17:26:09 +0700] "GET /test/test.php HTTP/1.1" 200 343 "-" "Mozilla/5.0 (X11; Linux x86_64) AppleWebKit/537.36 (KHTML, like Gecko) Chrome/78.0.3904.108 Safari/537.36"
::1 - - [08/Dec/2019:17:26:10 +0700] "GET /test/test.php HTTP/1.1" 200 343 "-" "Mozilla/5.0 (X11; Linux x86_64) AppleWebKit/537.36 (KHTML, like Gecko) Chrome/78.0.3904.108 Safari/537.36"
::1 - - [08/Dec/2019:17:26:50 +0700] "GET /test/test.php HTTP/1.1" 200 344 "-" "Mozilla/5.0 (X11; Linux x86_64) AppleWebKit/537.36 (KHTML, like Gecko) Chrome/78.0.3904.108 Safari/537.36"
::1 - - [08/Dec/2019:17:31:37 +0700] "GET /M2_SS2_PHP_Monk-eye/Long/M%E1%BA%A3ng%20v%C3%A0%20h%C3%A0m%20trong%20PHP/B%C3%A0i%20t%E1%BA%ADp/UserPage/index.php HTTP/1.1" 200 558 "-" "Mozilla/5.0 (X11; Linux x86_64) AppleWebKit/537.36 (KHTML, like Gecko) Chrome/78.0.3904.108 Safari/537.36"
::1 - - [08/Dec/2019:17:31:52 +0700] "POST /M2_SS2_PHP_Monk-eye/Long/M%E1%BA%A3ng%20v%C3%A0%20h%C3%A0m%20trong%20PHP/B%C3%A0i%20t%E1%BA%ADp/UserPage/index.php HTTP/1.1" 200 558 "http://localhost/M2_SS2_PHP_Monk-eye/Long/M%E1%BA%A3ng%20v%C3%A0%20h%C3%A0m%20trong%20PHP/B%C3%A0i%20t%E1%BA%ADp/UserPage/index.php" "Mozilla/5.0 (X11; Linux x86_64) AppleWebKit/537.36 (KHTML, like Gecko) Chrome/78.0.3904.108 Safari/537.36"
::1 - - [08/Dec/2019:17:34:34 +0700] "GET /M2_SS4_PHP_Monk-eye/Long/HumanResourceManagement/src/Add.php HTTP/1.1" 200 1165 "-" "Mozilla/5.0 (X11; Linux x86_64) AppleWebKit/537.36 (KHTML, like Gecko) Chrome/78.0.3904.108 Safari/537.36"
::1 - - [08/Dec/2019:17:34:41 +0700] "POST /M2_SS4_PHP_Monk-eye/Long/HumanResourceManagement/src/Add.php HTTP/1.1" 302 2561 "http://localhost/M2_SS4_PHP_Monk-eye/Long/HumanResourceManagement/src/Add.php" "Mozilla/5.0 (X11; Linux x86_64) AppleWebKit/537.36 (KHTML, like Gecko) Chrome/78.0.3904.108 Safari/537.36"
::1 - - [08/Dec/2019:17:34:41 +0700] "GET /M2_SS4_PHP_Monk-eye/Long/HumanResourceManagement/index.php HTTP/1.1" 200 1256 "http://localhost/M2_SS4_PHP_Monk-eye/Long/HumanResourceManagement/src/Add.php" "Mozilla/5.0 (X11; Linux x86_64) AppleWebKit/537.36 (KHTML, like Gecko) Chrome/78.0.3904.108 Safari/537.36"
::1 - - [08/Dec/2019:17:34:59 +0700] "GET /M2_SS4_PHP_Monk-eye/Long/HumanResourceManagement/src/Delete.php?index=0 HTTP/1.1" 200 203 "http://localhost/M2_SS4_PHP_Monk-eye/Long/HumanResourceManagement/index.php" "Mozilla/5.0 (X11; Linux x86_64) AppleWebKit/537.36 (KHTML, like Gecko) Chrome/78.0.3904.108 Safari/537.36"
::1 - - [08/Dec/2019:17:35:01 +0700] "GET /M2_SS4_PHP_Monk-eye/Long/HumanResourceManagement/src/Delete.php?index=0 HTTP/1.1" 200 202 "http://localhost/M2_SS4_PHP_Monk-eye/Long/HumanResourceManagement/index.php" "Mozilla/5.0 (X11; Linux x86_64) AppleWebKit/537.36 (KHTML, like Gecko) Chrome/78.0.3904.108 Safari/537.36"
::1 - - [08/Dec/2019:17:35:01 +0700] "GET /M2_SS4_PHP_Monk-eye/Long/HumanResourceManagement/src/Delete.php?index=0 HTTP/1.1" 200 202 "http://localhost/M2_SS4_PHP_Monk-eye/Long/HumanResourceManagement/index.php" "Mozilla/5.0 (X11; Linux x86_64) AppleWebKit/537.36 (KHTML, like Gecko) Chrome/78.0.3904.108 Safari/537.36"
::1 - - [08/Dec/2019:17:35:02 +0700] "GET /M2_SS4_PHP_Monk-eye/Long/HumanResourceManagement/src/Delete.php?index=0 HTTP/1.1" 200 202 "http://localhost/M2_SS4_PHP_Monk-eye/Long/HumanResourceManagement/index.php" "Mozilla/5.0 (X11; Linux x86_64) AppleWebKit/537.36 (KHTML, like Gecko) Chrome/78.0.3904.108 Safari/537.36"
::1 - - [08/Dec/2019:17:35:50 +0700] "-" 408 0 "-" "-"
::1 - - [08/Dec/2019:17:36:08 +0700] "GET /M2_SS4_PHP_Monk-eye/Long/HumanResourceManagement/index.php HTTP/1.1" 200 1257 "http://localhost/M2_SS4_PHP_Monk-eye/Long/HumanResourceManagement/src/Add.php" "Mozilla/5.0 (X11; Linux x86_64) AppleWebKit/537.36 (KHTML, like Gecko) Chrome/78.0.3904.108 Safari/537.36"
::1 - - [08/Dec/2019:17:37:00 +0700] "-" 408 0 "-" "-"
::1 - - [08/Dec/2019:17:43:53 +0700] "GET /M2_SS4_PHP_Monk-eye/Long/HumanResourceManagement/src/Add.php HTTP/1.1" 200 1165 "-" "Mozilla/5.0 (X11; Linux x86_64) AppleWebKit/537.36 (KHTML, like Gecko) Chrome/78.0.3904.108 Safari/537.36"
::1 - - [08/Dec/2019:17:44:14 +0700] "POST /M2_SS4_PHP_Monk-eye/Long/HumanResourceManagement/src/Add.php HTTP/1.1" 302 2561 "http://localhost/M2_SS4_PHP_Monk-eye/Long/HumanResourceManagement/src/Add.php" "Mozilla/5.0 (X11; Linux x86_64) AppleWebKit/537.36 (KHTML, like Gecko) Chrome/78.0.3904.108 Safari/537.36"
::1 - - [08/Dec/2019:17:44:14 +0700] "GET /M2_SS4_PHP_Monk-eye/Long/HumanResourceManagement/index.php HTTP/1.1" 500 185 "http://localhost/M2_SS4_PHP_Monk-eye/Long/HumanResourceManagement/src/Add.php" "Mozilla/5.0 (X11; Linux x86_64) AppleWebKit/537.36 (KHTML, like Gecko) Chrome/78.0.3904.108 Safari/537.36"
::1 - - [08/Dec/2019:17:46:59 +0700] "GET /M2_SS4_PHP_Monk-eye/Long/HumanResourceManagement/index.php HTTP/1.1" 200 1399 "http://localhost/M2_SS4_PHP_Monk-eye/Long/HumanResourceManagement/src/Add.php" "Mozilla/5.0 (X11; Linux x86_64) AppleWebKit/537.36 (KHTML, like Gecko) Chrome/78.0.3904.108 Safari/537.36"
::1 - - [08/Dec/2019:17:47:50 +0700] "-" 408 0 "-" "-"
::1 - - [08/Dec/2019:17:52:09 +0700] "GET /M2_SS4_PHP_Monk-eye/Long/HumanResourceManagement/src/Add.php HTTP/1.1" 200 1165 "-" "Mozilla/5.0 (X11; Linux x86_64) AppleWebKit/537.36 (KHTML, like Gecko) Chrome/78.0.3904.108 Safari/537.36"
::1 - - [08/Dec/2019:17:52:23 +0700] "POST /M2_SS4_PHP_Monk-eye/Long/HumanResourceManagement/src/Add.php HTTP/1.1" 302 2561 "http://localhost/M2_SS4_PHP_Monk-eye/Long/HumanResourceManagement/src/Add.php" "Mozilla/5.0 (X11; Linux x86_64) AppleWebKit/537.36 (KHTML, like Gecko) Chrome/78.0.3904.108 Safari/537.36"
::1 - - [08/Dec/2019:17:52:23 +0700] "GET /M2_SS4_PHP_Monk-eye/Long/HumanResourceManagement/index.php HTTP/1.1" 500 185 "http://localhost/M2_SS4_PHP_Monk-eye/Long/HumanResourceManagement/src/Add.php" "Mozilla/5.0 (X11; Linux x86_64) AppleWebKit/537.36 (KHTML, like Gecko) Chrome/78.0.3904.108 Safari/537.36"
::1 - - [08/Dec/2019:17:53:14 +0700] "-" 408 0 "-" "-"
::1 - - [08/Dec/2019:17:53:14 +0700] "-" 408 0 "-" "-"
::1 - - [08/Dec/2019:17:58:41 +0700] "GET /M2_SS4_PHP_Monk-eye/Long/HumanResourceManagement/index.php HTTP/1.1" 500 185 "http://localhost/M2_SS4_PHP_Monk-eye/Long/HumanResourceManagement/src/Add.php" "Mozilla/5.0 (X11; Linux x86_64) AppleWebKit/537.36 (KHTML, like Gecko) Chrome/78.0.3904.108 Safari/537.36"
::1 - - [08/Dec/2019:17:58:42 +0700] "GET /M2_SS4_PHP_Monk-eye/Long/HumanResourceManagement/index.php HTTP/1.1" 500 185 "http://localhost/M2_SS4_PHP_Monk-eye/Long/HumanResourceManagement/src/Add.php" "Mozilla/5.0 (X11; Linux x86_64) AppleWebKit/537.36 (KHTML, like Gecko) Chrome/78.0.3904.108 Safari/537.36"
::1 - - [08/Dec/2019:17:58:42 +0700] "GET /M2_SS4_PHP_Monk-eye/Long/HumanResourceManagement/index.php HTTP/1.1" 500 185 "http://localhost/M2_SS4_PHP_Monk-eye/Long/HumanResourceManagement/src/Add.php" "Mozilla/5.0 (X11; Linux x86_64) AppleWebKit/537.36 (KHTML, like Gecko) Chrome/78.0.3904.108 Safari/537.36"
::1 - - [08/Dec/2019:17:58:42 +0700] "GET /M2_SS4_PHP_Monk-eye/Long/HumanResourceManagement/index.php HTTP/1.1" 500 185 "http://localhost/M2_SS4_PHP_Monk-eye/Long/HumanResourceManagement/src/Add.php" "Mozilla/5.0 (X11; Linux x86_64) AppleWebKit/537.36 (KHTML, like Gecko) Chrome/78.0.3904.108 Safari/537.36"
::1 - - [08/Dec/2019:17:58:43 +0700] "GET /M2_SS4_PHP_Monk-eye/Long/HumanResourceManagement/src/Add.php HTTP/1.1" 200 1165 "-" "Mozilla/5.0 (X11; Linux x86_64) AppleWebKit/537.36 (KHTML, like Gecko) Chrome/78.0.3904.108 Safari/537.36"
::1 - - [08/Dec/2019:17:58:46 +0700] "POST /M2_SS4_PHP_Monk-eye/Long/HumanResourceManagement/src/Add.php HTTP/1.1" 302 2560 "http://localhost/M2_SS4_PHP_Monk-eye/Long/HumanResourceManagement/src/Add.php" "Mozilla/5.0 (X11; Linux x86_64) AppleWebKit/537.36 (KHTML, like Gecko) Chrome/78.0.3904.108 Safari/537.36"
::1 - - [08/Dec/2019:17:58:46 +0700] "GET /M2_SS4_PHP_Monk-eye/Long/HumanResourceManagement/index.php HTTP/1.1" 500 185 "http://localhost/M2_SS4_PHP_Monk-eye/Long/HumanResourceManagement/src/Add.php" "Mozilla/5.0 (X11; Linux x86_64) AppleWebKit/537.36 (KHTML, like Gecko) Chrome/78.0.3904.108 Safari/537.36"
::1 - - [08/Dec/2019:17:59:34 +0700] "-" 408 0 "-" "-"
::1 - - [08/Dec/2019:17:59:38 +0700] "-" 408 0 "-" "-"
::1 - - [08/Dec/2019:18:06:18 +0700] "GET /M2_SS4_PHP_Monk-eye/Long/HumanResourceManagement/index.php HTTP/1.1" 500 185 "-" "Mozilla/5.0 (X11; Linux x86_64) AppleWebKit/537.36 (KHTML, like Gecko) Chrome/78.0.3904.108 Safari/537.36"
::1 - - [08/Dec/2019:18:07:30 +0700] "GET /M2_SS4_PHP_Monk-eye/Long/HumanResourceManagement/src/Add.php HTTP/1.1" 200 1639 "-" "Mozilla/5.0 (X11; Linux x86_64) AppleWebKit/537.36 (KHTML, like Gecko) Chrome/78.0.3904.108 Safari/537.36"
::1 - - [08/Dec/2019:18:07:41 +0700] "POST /M2_SS4_PHP_Monk-eye/Long/HumanResourceManagement/src/Add.php HTTP/1.1" 302 4607 "http://localhost/M2_SS4_PHP_Monk-eye/Long/HumanResourceManagement/src/Add.php" "Mozilla/5.0 (X11; Linux x86_64) AppleWebKit/537.36 (KHTML, like Gecko) Chrome/78.0.3904.108 Safari/537.36"
::1 - - [08/Dec/2019:18:07:41 +0700] "GET /M2_SS4_PHP_Monk-eye/Long/HumanResourceManagement/index.php HTTP/1.1" 500 185 "http://localhost/M2_SS4_PHP_Monk-eye/Long/HumanResourceManagement/src/Add.php" "Mozilla/5.0 (X11; Linux x86_64) AppleWebKit/537.36 (KHTML, like Gecko) Chrome/78.0.3904.108 Safari/537.36"
::1 - - [08/Dec/2019:18:08:07 +0700] "GET /M2_SS4_PHP_Monk-eye/Long/HumanResourceManagement/index.php HTTP/1.1" 200 1665 "http://localhost/M2_SS4_PHP_Monk-eye/Long/HumanResourceManagement/src/Add.php" "Mozilla/5.0 (X11; Linux x86_64) AppleWebKit/537.36 (KHTML, like Gecko) Chrome/78.0.3904.108 Safari/537.36"
::1 - - [08/Dec/2019:18:08:53 +0700] "GET /M2_SS4_PHP_Monk-eye/Long/HumanResourceManagement/index.php HTTP/1.1" 200 1665 "http://localhost/M2_SS4_PHP_Monk-eye/Long/HumanResourceManagement/src/Add.php" "Mozilla/5.0 (X11; Linux x86_64) AppleWebKit/537.36 (KHTML, like Gecko) Chrome/78.0.3904.108 Safari/537.36"
::1 - - [08/Dec/2019:18:08:53 +0700] "GET /M2_SS4_PHP_Monk-eye/Long/HumanResourceManagement/src/Add.php HTTP/1.1" 200 1638 "http://localhost/M2_SS4_PHP_Monk-eye/Long/HumanResourceManagement/index.php" "Mozilla/5.0 (X11; Linux x86_64) AppleWebKit/537.36 (KHTML, like Gecko) Chrome/78.0.3904.108 Safari/537.36"
::1 - - [08/Dec/2019:18:09:04 +0700] "POST /M2_SS4_PHP_Monk-eye/Long/HumanResourceManagement/src/Add.php HTTP/1.1" 302 4607 "http://localhost/M2_SS4_PHP_Monk-eye/Long/HumanResourceManagement/src/Add.php" "Mozilla/5.0 (X11; Linux x86_64) AppleWebKit/537.36 (KHTML, like Gecko) Chrome/78.0.3904.108 Safari/537.36"
::1 - - [08/Dec/2019:18:09:04 +0700] "GET /M2_SS4_PHP_Monk-eye/Long/HumanResourceManagement/index.php HTTP/1.1" 200 1664 "http://localhost/M2_SS4_PHP_Monk-eye/Long/HumanResourceManagement/src/Add.php" "Mozilla/5.0 (X11; Linux x86_64) AppleWebKit/537.36 (KHTML, like Gecko) Chrome/78.0.3904.108 Safari/537.36"
::1 - - [08/Dec/2019:18:09:55 +0700] "-" 408 0 "-" "-"
::1 - - [08/Dec/2019:18:11:41 +0700] "GET /M2_SS4_PHP_Monk-eye/Long/HumanResourceManagement/index.php HTTP/1.1" 200 1665 "http://localhost/M2_SS4_PHP_Monk-eye/Long/HumanResourceManagement/src/Add.php" "Mozilla/5.0 (X11; Linux x86_64) AppleWebKit/537.36 (KHTML, like Gecko) Chrome/78.0.3904.108 Safari/537.36"
::1 - - [08/Dec/2019:18:11:41 +0700] "GET /M2_SS4_PHP_Monk-eye/Long/HumanResourceManagement/index.php HTTP/1.1" 200 1664 "http://localhost/M2_SS4_PHP_Monk-eye/Long/HumanResourceManagement/src/Add.php" "Mozilla/5.0 (X11; Linux x86_64) AppleWebKit/537.36 (KHTML, like Gecko) Chrome/78.0.3904.108 Safari/537.36"
::1 - - [08/Dec/2019:18:11:42 +0700] "GET /M2_SS4_PHP_Monk-eye/Long/HumanResourceManagement/index.php HTTP/1.1" 200 1664 "http://localhost/M2_SS4_PHP_Monk-eye/Long/HumanResourceManagement/src/Add.php" "Mozilla/5.0 (X11; Linux x86_64) AppleWebKit/537.36 (KHTML, like Gecko) Chrome/78.0.3904.108 Safari/537.36"
::1 - - [08/Dec/2019:18:11:42 +0700] "GET /M2_SS4_PHP_Monk-eye/Long/HumanResourceManagement/index.php HTTP/1.1" 200 1664 "http://localhost/M2_SS4_PHP_Monk-eye/Long/HumanResourceManagement/src/Add.php" "Mozilla/5.0 (X11; Linux x86_64) AppleWebKit/537.36 (KHTML, like Gecko) Chrome/78.0.3904.108 Safari/537.36"
::1 - - [08/Dec/2019:18:11:43 +0700] "GET /M2_SS4_PHP_Monk-eye/Long/HumanResourceManagement/index.php HTTP/1.1" 200 1664 "http://localhost/M2_SS4_PHP_Monk-eye/Long/HumanResourceManagement/src/Add.php" "Mozilla/5.0 (X11; Linux x86_64) AppleWebKit/537.36 (KHTML, like Gecko) Chrome/78.0.3904.108 Safari/537.36"
::1 - - [08/Dec/2019:18:11:43 +0700] "GET /M2_SS4_PHP_Monk-eye/Long/HumanResourceManagement/src/Add.php HTTP/1.1" 200 1638 "http://localhost/M2_SS4_PHP_Monk-eye/Long/HumanResourceManagement/index.php" "Mozilla/5.0 (X11; Linux x86_64) AppleWebKit/537.36 (KHTML, like Gecko) Chrome/78.0.3904.108 Safari/537.36"
::1 - - [08/Dec/2019:18:11:52 +0700] "POST /M2_SS4_PHP_Monk-eye/Long/HumanResourceManagement/src/Add.php HTTP/1.1" 302 4607 "http://localhost/M2_SS4_PHP_Monk-eye/Long/HumanResourceManagement/src/Add.php" "Mozilla/5.0 (X11; Linux x86_64) AppleWebKit/537.36 (KHTML, like Gecko) Chrome/78.0.3904.108 Safari/537.36"
::1 - - [08/Dec/2019:18:11:52 +0700] "GET /M2_SS4_PHP_Monk-eye/Long/HumanResourceManagement/index.php HTTP/1.1" 200 1664 "http://localhost/M2_SS4_PHP_Monk-eye/Long/HumanResourceManagement/src/Add.php" "Mozilla/5.0 (X11; Linux x86_64) AppleWebKit/537.36 (KHTML, like Gecko) Chrome/78.0.3904.108 Safari/537.36"
::1 - - [08/Dec/2019:18:12:43 +0700] "-" 408 0 "-" "-"
::1 - - [08/Dec/2019:18:14:43 +0700] "GET /M2_SS4_PHP_Monk-eye/Long/HumanResourceManagement/index.php HTTP/1.1" 500 185 "http://localhost/M2_SS4_PHP_Monk-eye/Long/HumanResourceManagement/src/Add.php" "Mozilla/5.0 (X11; Linux x86_64) AppleWebKit/537.36 (KHTML, like Gecko) Chrome/78.0.3904.108 Safari/537.36"
::1 - - [08/Dec/2019:18:14:44 +0700] "GET /M2_SS4_PHP_Monk-eye/Long/HumanResourceManagement/index.php HTTP/1.1" 500 185 "-" "Mozilla/5.0 (X11; Linux x86_64) AppleWebKit/537.36 (KHTML, like Gecko) Chrome/78.0.3904.108 Safari/537.36"
::1 - - [08/Dec/2019:18:15:35 +0700] "-" 408 0 "-" "-"
::1 - - [08/Dec/2019:18:15:36 +0700] "-" 408 0 "-" "-"
::1 - - [08/Dec/2019:18:17:11 +0700] "GET /M2_SS4_PHP_Monk-eye/Long/HumanResourceManagement/index.php HTTP/1.1" 500 185 "-" "Mozilla/5.0 (X11; Linux x86_64) AppleWebKit/537.36 (KHTML, like Gecko) Chrome/78.0.3904.108 Safari/537.36"
::1 - - [08/Dec/2019:18:17:11 +0700] "GET /M2_SS4_PHP_Monk-eye/Long/HumanResourceManagement/index.php HTTP/1.1" 500 185 "-" "Mozilla/5.0 (X11; Linux x86_64) AppleWebKit/537.36 (KHTML, like Gecko) Chrome/78.0.3904.108 Safari/537.36"
::1 - - [08/Dec/2019:18:18:02 +0700] "-" 408 0 "-" "-"
::1 - - [08/Dec/2019:18:18:03 +0700] "-" 408 0 "-" "-"
::1 - - [08/Dec/2019:18:23:39 +0700] "GET /M2_SS4_PHP_Monk-eye/Long/HumanResourceManagement/index.php HTTP/1.1" 200 1853 "-" "Mozilla/5.0 (X11; Linux x86_64) AppleWebKit/537.36 (KHTML, like Gecko) Chrome/78.0.3904.108 Safari/537.36"
::1 - - [08/Dec/2019:18:23:41 +0700] "GET /M2_SS4_PHP_Monk-eye/Long/HumanResourceManagement/src/Add.php HTTP/1.1" 200 1638 "http://localhost/M2_SS4_PHP_Monk-eye/Long/HumanResourceManagement/index.php" "Mozilla/5.0 (X11; Linux x86_64) AppleWebKit/537.36 (KHTML, like Gecko) Chrome/78.0.3904.108 Safari/537.36"
::1 - - [08/Dec/2019:18:23:50 +0700] "POST /M2_SS4_PHP_Monk-eye/Long/HumanResourceManagement/src/Add.php HTTP/1.1" 302 4609 "http://localhost/M2_SS4_PHP_Monk-eye/Long/HumanResourceManagement/src/Add.php" "Mozilla/5.0 (X11; Linux x86_64) AppleWebKit/537.36 (KHTML, like Gecko) Chrome/78.0.3904.108 Safari/537.36"
::1 - - [08/Dec/2019:18:23:50 +0700] "GET /M2_SS4_PHP_Monk-eye/Long/HumanResourceManagement/index.php HTTP/1.1" 200 1852 "http://localhost/M2_SS4_PHP_Monk-eye/Long/HumanResourceManagement/src/Add.php" "Mozilla/5.0 (X11; Linux x86_64) AppleWebKit/537.36 (KHTML, like Gecko) Chrome/78.0.3904.108 Safari/537.36"
::1 - - [08/Dec/2019:18:24:42 +0700] "-" 408 0 "-" "-"
::1 - - [08/Dec/2019:18:24:55 +0700] "GET /M2_SS4_PHP_Monk-eye/Long/HumanResourceManagement/index.php HTTP/1.1" 200 1853 "http://localhost/M2_SS4_PHP_Monk-eye/Long/HumanResourceManagement/src/Add.php" "Mozilla/5.0 (X11; Linux x86_64) AppleWebKit/537.36 (KHTML, like Gecko) Chrome/78.0.3904.108 Safari/537.36"
::1 - - [08/Dec/2019:18:24:55 +0700] "GET /M2_SS4_PHP_Monk-eye/Long/HumanResourceManagement/index.php HTTP/1.1" 200 1852 "http://localhost/M2_SS4_PHP_Monk-eye/Long/HumanResourceManagement/src/Add.php" "Mozilla/5.0 (X11; Linux x86_64) AppleWebKit/537.36 (KHTML, like Gecko) Chrome/78.0.3904.108 Safari/537.36"
::1 - - [08/Dec/2019:18:24:56 +0700] "GET /M2_SS4_PHP_Monk-eye/Long/HumanResourceManagement/src/Add.php HTTP/1.1" 200 1638 "http://localhost/M2_SS4_PHP_Monk-eye/Long/HumanResourceManagement/index.php" "Mozilla/5.0 (X11; Linux x86_64) AppleWebKit/537.36 (KHTML, like Gecko) Chrome/78.0.3904.108 Safari/537.36"
::1 - - [08/Dec/2019:18:25:06 +0700] "POST /M2_SS4_PHP_Monk-eye/Long/HumanResourceManagement/src/Add.php HTTP/1.1" 302 4609 "http://localhost/M2_SS4_PHP_Monk-eye/Long/HumanResourceManagement/src/Add.php" "Mozilla/5.0 (X11; Linux x86_64) AppleWebKit/537.36 (KHTML, like Gecko) Chrome/78.0.3904.108 Safari/537.36"
::1 - - [08/Dec/2019:18:25:06 +0700] "GET /M2_SS4_PHP_Monk-eye/Long/HumanResourceManagement/index.php HTTP/1.1" 200 1852 "http://localhost/M2_SS4_PHP_Monk-eye/Long/HumanResourceManagement/src/Add.php" "Mozilla/5.0 (X11; Linux x86_64) AppleWebKit/537.36 (KHTML, like Gecko) Chrome/78.0.3904.108 Safari/537.36"
::1 - - [08/Dec/2019:18:25:57 +0700] "-" 408 0 "-" "-"
